==8383== Memcheck, a memory error detector
==8383== Copyright (C) 2002-2012, and GNU GPL'd, by Julian Seward et al.
==8383== Using Valgrind-3.8.1 and LibVEX; rerun with -h for copyright info
==8383== Command: /usr/lib/R/bin/exec/R --vanilla
==8383== Parent PID: 8382
==8383== 
==8383== 
==8383== HEAP SUMMARY:
==8383==     in use at exit: 23,543,608 bytes in 10,214 blocks
==8383==   total heap usage: 28,316 allocs, 18,102 frees, 122,033,299 bytes allocated
==8383== 
==8383== LEAK SUMMARY:
==8383==    definitely lost: 0 bytes in 0 blocks
==8383==    indirectly lost: 0 bytes in 0 blocks
==8383==      possibly lost: 0 bytes in 0 blocks
==8383==    still reachable: 23,543,608 bytes in 10,214 blocks
==8383==         suppressed: 0 bytes in 0 blocks
==8383== Reachable blocks (those to which a pointer was found) are not shown.
==8383== To see them, rerun with: --leak-check=full --show-reachable=yes
==8383== 
==8383== For counts of detected and suppressed errors, rerun with: -v
==8383== ERROR SUMMARY: 0 errors from 0 contexts (suppressed: 2 from 2)
