==38381== Memcheck, a memory error detector
==38381== Copyright (C) 2002-2012, and GNU GPL'd, by Julian Seward et al.
==38381== Using Valgrind-3.8.1 and LibVEX; rerun with -h for copyright info
==38381== Command: /opt/local/Library/Frameworks/R.framework/Resources/bin/exec/R --vanilla
==38381== Parent PID: 38380
==38381== 
==38381== WARNING: Support on MacOS 10.8 is experimental and mostly broken.
==38381== WARNING: Expect incorrect results, assertions and crashes.
==38381== WARNING: In particular, Memcheck on 32-bit programs will fail to
==38381== WARNING: detect any errors associated with heap-allocated data.
==38381== 
==38381== Warning: ignored attempt to set SIGUSR2 handler in sigaction();
==38381==          the SIGUSR2 signal is used internally by Valgrind
==38381== 
==38381== HEAP SUMMARY:
==38381==     in use at exit: 26,528,740 bytes in 12,339 blocks
==38381==   total heap usage: 71,739 allocs, 59,400 frees, 493,892,343 bytes allocated
==38381== 
==38381== 14 bytes in 1 blocks are definitely lost in loss record 52 of 6,179
==38381==    at 0x7497: malloc_zone_malloc (vg_replace_malloc.c:276)
==38381==    by 0x149E804: malloc_set_zone_name (in /usr/lib/system/libsystem_c.dylib)
==38381==    by 0x7FFF5FC13377: ImageLoaderMachO::doModInitFunctions(ImageLoader::LinkContext const&) (in /usr/lib/dyld)
==38381==    by 0x7FFF5FC13761: ImageLoaderMachO::doInitialization(ImageLoader::LinkContext const&) (in /usr/lib/dyld)
==38381==    by 0x7FFF5FC1006D: ImageLoader::recursiveInitialization(ImageLoader::LinkContext const&, unsigned int, ImageLoader::InitializerTimingList&) (in /usr/lib/dyld)
==38381==    by 0x7FFF5FC0FFC3: ImageLoader::recursiveInitialization(ImageLoader::LinkContext const&, unsigned int, ImageLoader::InitializerTimingList&) (in /usr/lib/dyld)
==38381==    by 0x7FFF5FC0FFC3: ImageLoader::recursiveInitialization(ImageLoader::LinkContext const&, unsigned int, ImageLoader::InitializerTimingList&) (in /usr/lib/dyld)
==38381==    by 0x7FFF5FC0FFC3: ImageLoader::recursiveInitialization(ImageLoader::LinkContext const&, unsigned int, ImageLoader::InitializerTimingList&) (in /usr/lib/dyld)
==38381==    by 0x7FFF5FC0FFC3: ImageLoader::recursiveInitialization(ImageLoader::LinkContext const&, unsigned int, ImageLoader::InitializerTimingList&) (in /usr/lib/dyld)
==38381==    by 0x7FFF5FC0FFC3: ImageLoader::recursiveInitialization(ImageLoader::LinkContext const&, unsigned int, ImageLoader::InitializerTimingList&) (in /usr/lib/dyld)
==38381==    by 0x7FFF5FC0FFC3: ImageLoader::recursiveInitialization(ImageLoader::LinkContext const&, unsigned int, ImageLoader::InitializerTimingList&) (in /usr/lib/dyld)
==38381==    by 0x7FFF5FC0FFC3: ImageLoader::recursiveInitialization(ImageLoader::LinkContext const&, unsigned int, ImageLoader::InitializerTimingList&) (in /usr/lib/dyld)
==38381== 
==38381== 18 bytes in 1 blocks are definitely lost in loss record 131 of 6,179
==38381==    at 0x7497: malloc_zone_malloc (vg_replace_malloc.c:276)
==38381==    by 0x149E804: malloc_set_zone_name (in /usr/lib/system/libsystem_c.dylib)
==38381==    by 0x149ED95: _malloc_initialize (in /usr/lib/system/libsystem_c.dylib)
==38381==    by 0x149E895: malloc_create_zone (in /usr/lib/system/libsystem_c.dylib)
==38381==    by 0x1407D9C: _dispatch_ccache_init (in /usr/lib/system/libdispatch.dylib)
==38381==    by 0x14070B5: _dispatch_client_callout (in /usr/lib/system/libdispatch.dylib)
==38381==    by 0x1407040: dispatch_once_f (in /usr/lib/system/libdispatch.dylib)
==38381==    by 0x1407D66: _dispatch_continuation_alloc_from_heap (in /usr/lib/system/libdispatch.dylib)
==38381==    by 0x1407CFC: _dispatch_barrier_async_f_slow (in /usr/lib/system/libdispatch.dylib)
==38381==    by 0x16950A7: _xpc_dyld_image_callback (in /usr/lib/system/libxpc.dylib)
==38381==    by 0x7FFF5FC049B3: dyld::notifyBatchPartial(dyld_image_states, bool, char const* (*)(dyld_image_states, unsigned int, dyld_image_info const*)) (in /usr/lib/dyld)
==38381==    by 0x7FFF5FC0F039: ImageLoader::link(ImageLoader::LinkContext const&, bool, bool, ImageLoader::RPathChain const&) (in /usr/lib/dyld)
==38381== 
==38381== 22 bytes in 1 blocks are definitely lost in loss record 136 of 6,179
==38381==    at 0x7497: malloc_zone_malloc (vg_replace_malloc.c:276)
==38381==    by 0x149E804: malloc_set_zone_name (in /usr/lib/system/libsystem_c.dylib)
==38381==    by 0x14070B5: _dispatch_client_callout (in /usr/lib/system/libdispatch.dylib)
==38381==    by 0x1407040: dispatch_once_f (in /usr/lib/system/libdispatch.dylib)
==38381==    by 0x1407D66: _dispatch_continuation_alloc_from_heap (in /usr/lib/system/libdispatch.dylib)
==38381==    by 0x1407CFC: _dispatch_barrier_async_f_slow (in /usr/lib/system/libdispatch.dylib)
==38381==    by 0x16950A7: _xpc_dyld_image_callback (in /usr/lib/system/libxpc.dylib)
==38381==    by 0x7FFF5FC049B3: dyld::notifyBatchPartial(dyld_image_states, bool, char const* (*)(dyld_image_states, unsigned int, dyld_image_info const*)) (in /usr/lib/dyld)
==38381==    by 0x7FFF5FC0F039: ImageLoader::link(ImageLoader::LinkContext const&, bool, bool, ImageLoader::RPathChain const&) (in /usr/lib/dyld)
==38381==    by 0x7FFF5FC04CE3: dyld::link(ImageLoader*, bool, ImageLoader::RPathChain const&) (in /usr/lib/dyld)
==38381==    by 0x7FFF5FC0A819: dlopen (in /usr/lib/dyld)
==38381==    by 0x1436DD7: dlopen (in /usr/lib/system/libdyld.dylib)
==38381== 
==38381== 24 bytes in 1 blocks are possibly lost in loss record 460 of 6,179
==38381==    at 0x7A55: malloc_zone_calloc (vg_replace_malloc.c:599)
==38381==    by 0x172866D: NXHashInsert (in /usr/lib/libobjc.A.dylib)
==38381==    by 0x1738324: realizeClass(class_t*) (in /usr/lib/libobjc.A.dylib)
==38381==    by 0x1729FC3: look_up_class (in /usr/lib/libobjc.A.dylib)
==38381==    by 0x172BBC9: objc_getFutureClass (in /usr/lib/libobjc.A.dylib)
==38381==    by 0x4DA0C0: _CFRuntimeBridgeClasses (in /System/Library/Frameworks/CoreFoundation.framework/Versions/A/CoreFoundation)
==38381==    by 0x4D1838: __CFInitialize (in /System/Library/Frameworks/CoreFoundation.framework/Versions/A/CoreFoundation)
==38381==    by 0x7FFF5FC13255: ImageLoaderMachO::doImageInit(ImageLoader::LinkContext const&) (in /usr/lib/dyld)
==38381==    by 0x7FFF5FC13756: ImageLoaderMachO::doInitialization(ImageLoader::LinkContext const&) (in /usr/lib/dyld)
==38381==    by 0x7FFF5FC1006D: ImageLoader::recursiveInitialization(ImageLoader::LinkContext const&, unsigned int, ImageLoader::InitializerTimingList&) (in /usr/lib/dyld)
==38381==    by 0x7FFF5FC0FFC3: ImageLoader::recursiveInitialization(ImageLoader::LinkContext const&, unsigned int, ImageLoader::InitializerTimingList&) (in /usr/lib/dyld)
==38381==    by 0x7FFF5FC0FFC3: ImageLoader::recursiveInitialization(ImageLoader::LinkContext const&, unsigned int, ImageLoader::InitializerTimingList&) (in /usr/lib/dyld)
==38381== 
==38381== 24 bytes in 1 blocks are possibly lost in loss record 461 of 6,179
==38381==    at 0x7A55: malloc_zone_calloc (vg_replace_malloc.c:599)
==38381==    by 0x172866D: NXHashInsert (in /usr/lib/libobjc.A.dylib)
==38381==    by 0x173833D: realizeClass(class_t*) (in /usr/lib/libobjc.A.dylib)
==38381==    by 0x17375D0: realizeClass(class_t*) (in /usr/lib/libobjc.A.dylib)
==38381==    by 0x1729FC3: look_up_class (in /usr/lib/libobjc.A.dylib)
==38381==    by 0x172BBC9: objc_getFutureClass (in /usr/lib/libobjc.A.dylib)
==38381==    by 0x4DA0C0: _CFRuntimeBridgeClasses (in /System/Library/Frameworks/CoreFoundation.framework/Versions/A/CoreFoundation)
==38381==    by 0x4D1860: __CFInitialize (in /System/Library/Frameworks/CoreFoundation.framework/Versions/A/CoreFoundation)
==38381==    by 0x7FFF5FC13255: ImageLoaderMachO::doImageInit(ImageLoader::LinkContext const&) (in /usr/lib/dyld)
==38381==    by 0x7FFF5FC13756: ImageLoaderMachO::doInitialization(ImageLoader::LinkContext const&) (in /usr/lib/dyld)
==38381==    by 0x7FFF5FC1006D: ImageLoader::recursiveInitialization(ImageLoader::LinkContext const&, unsigned int, ImageLoader::InitializerTimingList&) (in /usr/lib/dyld)
==38381==    by 0x7FFF5FC0FFC3: ImageLoader::recursiveInitialization(ImageLoader::LinkContext const&, unsigned int, ImageLoader::InitializerTimingList&) (in /usr/lib/dyld)
==38381== 
==38381== 24 bytes in 1 blocks are possibly lost in loss record 462 of 6,179
==38381==    at 0x7A55: malloc_zone_calloc (vg_replace_malloc.c:599)
==38381==    by 0x172866D: NXHashInsert (in /usr/lib/libobjc.A.dylib)
==38381==    by 0x1738324: realizeClass(class_t*) (in /usr/lib/libobjc.A.dylib)
==38381==    by 0x17375BC: realizeClass(class_t*) (in /usr/lib/libobjc.A.dylib)
==38381==    by 0x1729FC3: look_up_class (in /usr/lib/libobjc.A.dylib)
==38381==    by 0x4E9944: __CFMakeNSBlockClasses (in /System/Library/Frameworks/CoreFoundation.framework/Versions/A/CoreFoundation)
==38381==    by 0x4D198E: __CFInitialize (in /System/Library/Frameworks/CoreFoundation.framework/Versions/A/CoreFoundation)
==38381==    by 0x7FFF5FC13255: ImageLoaderMachO::doImageInit(ImageLoader::LinkContext const&) (in /usr/lib/dyld)
==38381==    by 0x7FFF5FC13756: ImageLoaderMachO::doInitialization(ImageLoader::LinkContext const&) (in /usr/lib/dyld)
==38381==    by 0x7FFF5FC1006D: ImageLoader::recursiveInitialization(ImageLoader::LinkContext const&, unsigned int, ImageLoader::InitializerTimingList&) (in /usr/lib/dyld)
==38381==    by 0x7FFF5FC0FFC3: ImageLoader::recursiveInitialization(ImageLoader::LinkContext const&, unsigned int, ImageLoader::InitializerTimingList&) (in /usr/lib/dyld)
==38381==    by 0x7FFF5FC0FFC3: ImageLoader::recursiveInitialization(ImageLoader::LinkContext const&, unsigned int, ImageLoader::InitializerTimingList&) (in /usr/lib/dyld)
==38381== 
==38381== 24 bytes in 1 blocks are possibly lost in loss record 463 of 6,179
==38381==    at 0x7A55: malloc_zone_calloc (vg_replace_malloc.c:599)
==38381==    by 0x172866D: NXHashInsert (in /usr/lib/libobjc.A.dylib)
==38381==    by 0x1738324: realizeClass(class_t*) (in /usr/lib/libobjc.A.dylib)
==38381==    by 0x1729FC3: look_up_class (in /usr/lib/libobjc.A.dylib)
==38381==    by 0x4E99BF: __CFMakeNSBlockClasses (in /System/Library/Frameworks/CoreFoundation.framework/Versions/A/CoreFoundation)
==38381==    by 0x4D198E: __CFInitialize (in /System/Library/Frameworks/CoreFoundation.framework/Versions/A/CoreFoundation)
==38381==    by 0x7FFF5FC13255: ImageLoaderMachO::doImageInit(ImageLoader::LinkContext const&) (in /usr/lib/dyld)
==38381==    by 0x7FFF5FC13756: ImageLoaderMachO::doInitialization(ImageLoader::LinkContext const&) (in /usr/lib/dyld)
==38381==    by 0x7FFF5FC1006D: ImageLoader::recursiveInitialization(ImageLoader::LinkContext const&, unsigned int, ImageLoader::InitializerTimingList&) (in /usr/lib/dyld)
==38381==    by 0x7FFF5FC0FFC3: ImageLoader::recursiveInitialization(ImageLoader::LinkContext const&, unsigned int, ImageLoader::InitializerTimingList&) (in /usr/lib/dyld)
==38381==    by 0x7FFF5FC0FFC3: ImageLoader::recursiveInitialization(ImageLoader::LinkContext const&, unsigned int, ImageLoader::InitializerTimingList&) (in /usr/lib/dyld)
==38381==    by 0x7FFF5FC0FEB9: ImageLoader::runInitializers(ImageLoader::LinkContext const&, ImageLoader::InitializerTimingList&) (in /usr/lib/dyld)
==38381== 
==38381== 24 bytes in 1 blocks are possibly lost in loss record 464 of 6,179
==38381==    at 0x7A55: malloc_zone_calloc (vg_replace_malloc.c:599)
==38381==    by 0x172866D: NXHashInsert (in /usr/lib/libobjc.A.dylib)
==38381==    by 0x172D51B: objc_registerClassPair (in /usr/lib/libobjc.A.dylib)
==38381==    by 0x4E9A80: __CFMakeNSBlockClasses (in /System/Library/Frameworks/CoreFoundation.framework/Versions/A/CoreFoundation)
==38381==    by 0x4D198E: __CFInitialize (in /System/Library/Frameworks/CoreFoundation.framework/Versions/A/CoreFoundation)
==38381==    by 0x7FFF5FC13255: ImageLoaderMachO::doImageInit(ImageLoader::LinkContext const&) (in /usr/lib/dyld)
==38381==    by 0x7FFF5FC13756: ImageLoaderMachO::doInitialization(ImageLoader::LinkContext const&) (in /usr/lib/dyld)
==38381==    by 0x7FFF5FC1006D: ImageLoader::recursiveInitialization(ImageLoader::LinkContext const&, unsigned int, ImageLoader::InitializerTimingList&) (in /usr/lib/dyld)
==38381==    by 0x7FFF5FC0FFC3: ImageLoader::recursiveInitialization(ImageLoader::LinkContext const&, unsigned int, ImageLoader::InitializerTimingList&) (in /usr/lib/dyld)
==38381==    by 0x7FFF5FC0FFC3: ImageLoader::recursiveInitialization(ImageLoader::LinkContext const&, unsigned int, ImageLoader::InitializerTimingList&) (in /usr/lib/dyld)
==38381==    by 0x7FFF5FC0FEB9: ImageLoader::runInitializers(ImageLoader::LinkContext const&, ImageLoader::InitializerTimingList&) (in /usr/lib/dyld)
==38381==    by 0x7FFF5FC01FBF: dyld::initializeMainExecutable() (in /usr/lib/dyld)
==38381== 
==38381== 24 bytes in 1 blocks are possibly lost in loss record 465 of 6,179
==38381==    at 0x7A55: malloc_zone_calloc (vg_replace_malloc.c:599)
==38381==    by 0x172866D: NXHashInsert (in /usr/lib/libobjc.A.dylib)
==38381==    by 0x172D51B: objc_registerClassPair (in /usr/lib/libobjc.A.dylib)
==38381==    by 0x4E9A8C: __CFMakeNSBlockClasses (in /System/Library/Frameworks/CoreFoundation.framework/Versions/A/CoreFoundation)
==38381==    by 0x4D198E: __CFInitialize (in /System/Library/Frameworks/CoreFoundation.framework/Versions/A/CoreFoundation)
==38381==    by 0x7FFF5FC13255: ImageLoaderMachO::doImageInit(ImageLoader::LinkContext const&) (in /usr/lib/dyld)
==38381==    by 0x7FFF5FC13756: ImageLoaderMachO::doInitialization(ImageLoader::LinkContext const&) (in /usr/lib/dyld)
==38381==    by 0x7FFF5FC1006D: ImageLoader::recursiveInitialization(ImageLoader::LinkContext const&, unsigned int, ImageLoader::InitializerTimingList&) (in /usr/lib/dyld)
==38381==    by 0x7FFF5FC0FFC3: ImageLoader::recursiveInitialization(ImageLoader::LinkContext const&, unsigned int, ImageLoader::InitializerTimingList&) (in /usr/lib/dyld)
==38381==    by 0x7FFF5FC0FFC3: ImageLoader::recursiveInitialization(ImageLoader::LinkContext const&, unsigned int, ImageLoader::InitializerTimingList&) (in /usr/lib/dyld)
==38381==    by 0x7FFF5FC0FEB9: ImageLoader::runInitializers(ImageLoader::LinkContext const&, ImageLoader::InitializerTimingList&) (in /usr/lib/dyld)
==38381==    by 0x7FFF5FC01FBF: dyld::initializeMainExecutable() (in /usr/lib/dyld)
==38381== 
==38381== 24 bytes in 1 blocks are possibly lost in loss record 466 of 6,179
==38381==    at 0x7A55: malloc_zone_calloc (vg_replace_malloc.c:599)
==38381==    by 0x172866D: NXHashInsert (in /usr/lib/libobjc.A.dylib)
==38381==    by 0x173833D: realizeClass(class_t*) (in /usr/lib/libobjc.A.dylib)
==38381==    by 0x17375D0: realizeClass(class_t*) (in /usr/lib/libobjc.A.dylib)
==38381==    by 0x1727E9C: _read_images (in /usr/lib/libobjc.A.dylib)
==38381==    by 0x17269EB: map_images_nolock (in /usr/lib/libobjc.A.dylib)
==38381==    by 0x17264F3: map_images (in /usr/lib/libobjc.A.dylib)
==38381==    by 0x7FFF5FC049B3: dyld::notifyBatchPartial(dyld_image_states, bool, char const* (*)(dyld_image_states, unsigned int, dyld_image_info const*)) (in /usr/lib/dyld)
==38381==    by 0x7FFF5FC0F039: ImageLoader::link(ImageLoader::LinkContext const&, bool, bool, ImageLoader::RPathChain const&) (in /usr/lib/dyld)
==38381==    by 0x7FFF5FC04CE3: dyld::link(ImageLoader*, bool, ImageLoader::RPathChain const&) (in /usr/lib/dyld)
==38381==    by 0x7FFF5FC0A819: dlopen (in /usr/lib/dyld)
==38381==    by 0x1436DD7: dlopen (in /usr/lib/system/libdyld.dylib)
==38381== 
==38381== 24 bytes in 1 blocks are possibly lost in loss record 467 of 6,179
==38381==    at 0x7A55: malloc_zone_calloc (vg_replace_malloc.c:599)
==38381==    by 0x172866D: NXHashInsert (in /usr/lib/libobjc.A.dylib)
==38381==    by 0x173833D: realizeClass(class_t*) (in /usr/lib/libobjc.A.dylib)
==38381==    by 0x17375D0: realizeClass(class_t*) (in /usr/lib/libobjc.A.dylib)
==38381==    by 0x17375BC: realizeClass(class_t*) (in /usr/lib/libobjc.A.dylib)
==38381==    by 0x1727F06: _read_images (in /usr/lib/libobjc.A.dylib)
==38381==    by 0x17269EB: map_images_nolock (in /usr/lib/libobjc.A.dylib)
==38381==    by 0x17264F3: map_images (in /usr/lib/libobjc.A.dylib)
==38381==    by 0x7FFF5FC049B3: dyld::notifyBatchPartial(dyld_image_states, bool, char const* (*)(dyld_image_states, unsigned int, dyld_image_info const*)) (in /usr/lib/dyld)
==38381==    by 0x7FFF5FC0F039: ImageLoader::link(ImageLoader::LinkContext const&, bool, bool, ImageLoader::RPathChain const&) (in /usr/lib/dyld)
==38381==    by 0x7FFF5FC04CE3: dyld::link(ImageLoader*, bool, ImageLoader::RPathChain const&) (in /usr/lib/dyld)
==38381==    by 0x7FFF5FC0A819: dlopen (in /usr/lib/dyld)
==38381== 
==38381== 24 bytes in 1 blocks are possibly lost in loss record 468 of 6,179
==38381==    at 0x7A55: malloc_zone_calloc (vg_replace_malloc.c:599)
==38381==    by 0x172866D: NXHashInsert (in /usr/lib/libobjc.A.dylib)
==38381==    by 0x173833D: realizeClass(class_t*) (in /usr/lib/libobjc.A.dylib)
==38381==    by 0x17375D0: realizeClass(class_t*) (in /usr/lib/libobjc.A.dylib)
==38381==    by 0x1727F06: _read_images (in /usr/lib/libobjc.A.dylib)
==38381==    by 0x17269EB: map_images_nolock (in /usr/lib/libobjc.A.dylib)
==38381==    by 0x17264F3: map_images (in /usr/lib/libobjc.A.dylib)
==38381==    by 0x7FFF5FC049B3: dyld::notifyBatchPartial(dyld_image_states, bool, char const* (*)(dyld_image_states, unsigned int, dyld_image_info const*)) (in /usr/lib/dyld)
==38381==    by 0x7FFF5FC0F039: ImageLoader::link(ImageLoader::LinkContext const&, bool, bool, ImageLoader::RPathChain const&) (in /usr/lib/dyld)
==38381==    by 0x7FFF5FC04CE3: dyld::link(ImageLoader*, bool, ImageLoader::RPathChain const&) (in /usr/lib/dyld)
==38381==    by 0x7FFF5FC0A819: dlopen (in /usr/lib/dyld)
==38381==    by 0x1436DD7: dlopen (in /usr/lib/system/libdyld.dylib)
==38381== 
==38381== 24 bytes in 1 blocks are possibly lost in loss record 469 of 6,179
==38381==    at 0x7A55: malloc_zone_calloc (vg_replace_malloc.c:599)
==38381==    by 0x172866D: NXHashInsert (in /usr/lib/libobjc.A.dylib)
==38381==    by 0x173833D: realizeClass(class_t*) (in /usr/lib/libobjc.A.dylib)
==38381==    by 0x17375D0: realizeClass(class_t*) (in /usr/lib/libobjc.A.dylib)
==38381==    by 0x1729FC3: look_up_class (in /usr/lib/libobjc.A.dylib)
==38381==    by 0x4734C76: _NSToDoAtProcessStart (in /System/Library/Frameworks/Foundation.framework/Versions/C/Foundation)
==38381==    by 0x47349C7: _NSInitializePlatform (in /System/Library/Frameworks/Foundation.framework/Versions/C/Foundation)
==38381==    by 0x1729D8F: call_load_methods (in /usr/lib/libobjc.A.dylib)
==38381==    by 0x172998E: load_images (in /usr/lib/libobjc.A.dylib)
==38381==    by 0x7FFF5FC01E01: dyld::notifySingle(dyld_image_states, ImageLoader const*) (in /usr/lib/dyld)
==38381==    by 0x7FFF5FC10056: ImageLoader::recursiveInitialization(ImageLoader::LinkContext const&, unsigned int, ImageLoader::InitializerTimingList&) (in /usr/lib/dyld)
==38381==    by 0x7FFF5FC0FFC3: ImageLoader::recursiveInitialization(ImageLoader::LinkContext const&, unsigned int, ImageLoader::InitializerTimingList&) (in /usr/lib/dyld)
==38381== 
==38381== 24 bytes in 1 blocks are possibly lost in loss record 470 of 6,179
==38381==    at 0x7A55: malloc_zone_calloc (vg_replace_malloc.c:599)
==38381==    by 0x172866D: NXHashInsert (in /usr/lib/libobjc.A.dylib)
==38381==    by 0x1738324: realizeClass(class_t*) (in /usr/lib/libobjc.A.dylib)
==38381==    by 0x1729FC3: look_up_class (in /usr/lib/libobjc.A.dylib)
==38381==    by 0x4734C9C: _NSToDoAtProcessStart (in /System/Library/Frameworks/Foundation.framework/Versions/C/Foundation)
==38381==    by 0x47349C7: _NSInitializePlatform (in /System/Library/Frameworks/Foundation.framework/Versions/C/Foundation)
==38381==    by 0x1729D8F: call_load_methods (in /usr/lib/libobjc.A.dylib)
==38381==    by 0x172998E: load_images (in /usr/lib/libobjc.A.dylib)
==38381==    by 0x7FFF5FC01E01: dyld::notifySingle(dyld_image_states, ImageLoader const*) (in /usr/lib/dyld)
==38381==    by 0x7FFF5FC10056: ImageLoader::recursiveInitialization(ImageLoader::LinkContext const&, unsigned int, ImageLoader::InitializerTimingList&) (in /usr/lib/dyld)
==38381==    by 0x7FFF5FC0FFC3: ImageLoader::recursiveInitialization(ImageLoader::LinkContext const&, unsigned int, ImageLoader::InitializerTimingList&) (in /usr/lib/dyld)
==38381==    by 0x7FFF5FC0FFC3: ImageLoader::recursiveInitialization(ImageLoader::LinkContext const&, unsigned int, ImageLoader::InitializerTimingList&) (in /usr/lib/dyld)
==38381== 
==38381== 24 bytes in 1 blocks are possibly lost in loss record 471 of 6,179
==38381==    at 0x7A55: malloc_zone_calloc (vg_replace_malloc.c:599)
==38381==    by 0x172866D: NXHashInsert (in /usr/lib/libobjc.A.dylib)
==38381==    by 0x173833D: realizeClass(class_t*) (in /usr/lib/libobjc.A.dylib)
==38381==    by 0x17375D0: realizeClass(class_t*) (in /usr/lib/libobjc.A.dylib)
==38381==    by 0x17375BC: realizeClass(class_t*) (in /usr/lib/libobjc.A.dylib)
==38381==    by 0x1729FC3: look_up_class (in /usr/lib/libobjc.A.dylib)
==38381==    by 0x4734CC2: _NSToDoAtProcessStart (in /System/Library/Frameworks/Foundation.framework/Versions/C/Foundation)
==38381==    by 0x47349C7: _NSInitializePlatform (in /System/Library/Frameworks/Foundation.framework/Versions/C/Foundation)
==38381==    by 0x1729D8F: call_load_methods (in /usr/lib/libobjc.A.dylib)
==38381==    by 0x172998E: load_images (in /usr/lib/libobjc.A.dylib)
==38381==    by 0x7FFF5FC01E01: dyld::notifySingle(dyld_image_states, ImageLoader const*) (in /usr/lib/dyld)
==38381==    by 0x7FFF5FC10056: ImageLoader::recursiveInitialization(ImageLoader::LinkContext const&, unsigned int, ImageLoader::InitializerTimingList&) (in /usr/lib/dyld)
==38381== 
==38381== 24 bytes in 1 blocks are possibly lost in loss record 472 of 6,179
==38381==    at 0x7A55: malloc_zone_calloc (vg_replace_malloc.c:599)
==38381==    by 0x172866D: NXHashInsert (in /usr/lib/libobjc.A.dylib)
==38381==    by 0x173833D: realizeClass(class_t*) (in /usr/lib/libobjc.A.dylib)
==38381==    by 0x17375D0: realizeClass(class_t*) (in /usr/lib/libobjc.A.dylib)
==38381==    by 0x1729FC3: look_up_class (in /usr/lib/libobjc.A.dylib)
==38381==    by 0x4734CC2: _NSToDoAtProcessStart (in /System/Library/Frameworks/Foundation.framework/Versions/C/Foundation)
==38381==    by 0x47349C7: _NSInitializePlatform (in /System/Library/Frameworks/Foundation.framework/Versions/C/Foundation)
==38381==    by 0x1729D8F: call_load_methods (in /usr/lib/libobjc.A.dylib)
==38381==    by 0x172998E: load_images (in /usr/lib/libobjc.A.dylib)
==38381==    by 0x7FFF5FC01E01: dyld::notifySingle(dyld_image_states, ImageLoader const*) (in /usr/lib/dyld)
==38381==    by 0x7FFF5FC10056: ImageLoader::recursiveInitialization(ImageLoader::LinkContext const&, unsigned int, ImageLoader::InitializerTimingList&) (in /usr/lib/dyld)
==38381==    by 0x7FFF5FC0FFC3: ImageLoader::recursiveInitialization(ImageLoader::LinkContext const&, unsigned int, ImageLoader::InitializerTimingList&) (in /usr/lib/dyld)
==38381== 
==38381== 24 bytes in 1 blocks are possibly lost in loss record 473 of 6,179
==38381==    at 0x7A55: malloc_zone_calloc (vg_replace_malloc.c:599)
==38381==    by 0x172866D: NXHashInsert (in /usr/lib/libobjc.A.dylib)
==38381==    by 0x1738324: realizeClass(class_t*) (in /usr/lib/libobjc.A.dylib)
==38381==    by 0x17375BC: realizeClass(class_t*) (in /usr/lib/libobjc.A.dylib)
==38381==    by 0x1729FC3: look_up_class (in /usr/lib/libobjc.A.dylib)
==38381==    by 0x4734CE8: _NSToDoAtProcessStart (in /System/Library/Frameworks/Foundation.framework/Versions/C/Foundation)
==38381==    by 0x47349C7: _NSInitializePlatform (in /System/Library/Frameworks/Foundation.framework/Versions/C/Foundation)
==38381==    by 0x1729D8F: call_load_methods (in /usr/lib/libobjc.A.dylib)
==38381==    by 0x172998E: load_images (in /usr/lib/libobjc.A.dylib)
==38381==    by 0x7FFF5FC01E01: dyld::notifySingle(dyld_image_states, ImageLoader const*) (in /usr/lib/dyld)
==38381==    by 0x7FFF5FC10056: ImageLoader::recursiveInitialization(ImageLoader::LinkContext const&, unsigned int, ImageLoader::InitializerTimingList&) (in /usr/lib/dyld)
==38381==    by 0x7FFF5FC0FFC3: ImageLoader::recursiveInitialization(ImageLoader::LinkContext const&, unsigned int, ImageLoader::InitializerTimingList&) (in /usr/lib/dyld)
==38381== 
==38381== 24 bytes in 1 blocks are possibly lost in loss record 474 of 6,179
==38381==    at 0x7A55: malloc_zone_calloc (vg_replace_malloc.c:599)
==38381==    by 0x172866D: NXHashInsert (in /usr/lib/libobjc.A.dylib)
==38381==    by 0x1738324: realizeClass(class_t*) (in /usr/lib/libobjc.A.dylib)
==38381==    by 0x1729FC3: look_up_class (in /usr/lib/libobjc.A.dylib)
==38381==    by 0x4734CE8: _NSToDoAtProcessStart (in /System/Library/Frameworks/Foundation.framework/Versions/C/Foundation)
==38381==    by 0x47349C7: _NSInitializePlatform (in /System/Library/Frameworks/Foundation.framework/Versions/C/Foundation)
==38381==    by 0x1729D8F: call_load_methods (in /usr/lib/libobjc.A.dylib)
==38381==    by 0x172998E: load_images (in /usr/lib/libobjc.A.dylib)
==38381==    by 0x7FFF5FC01E01: dyld::notifySingle(dyld_image_states, ImageLoader const*) (in /usr/lib/dyld)
==38381==    by 0x7FFF5FC10056: ImageLoader::recursiveInitialization(ImageLoader::LinkContext const&, unsigned int, ImageLoader::InitializerTimingList&) (in /usr/lib/dyld)
==38381==    by 0x7FFF5FC0FFC3: ImageLoader::recursiveInitialization(ImageLoader::LinkContext const&, unsigned int, ImageLoader::InitializerTimingList&) (in /usr/lib/dyld)
==38381==    by 0x7FFF5FC0FFC3: ImageLoader::recursiveInitialization(ImageLoader::LinkContext const&, unsigned int, ImageLoader::InitializerTimingList&) (in /usr/lib/dyld)
==38381== 
==38381== 24 bytes in 1 blocks are possibly lost in loss record 475 of 6,179
==38381==    at 0x7A55: malloc_zone_calloc (vg_replace_malloc.c:599)
==38381==    by 0x172866D: NXHashInsert (in /usr/lib/libobjc.A.dylib)
==38381==    by 0x173833D: realizeClass(class_t*) (in /usr/lib/libobjc.A.dylib)
==38381==    by 0x17375D0: realizeClass(class_t*) (in /usr/lib/libobjc.A.dylib)
==38381==    by 0x17375BC: realizeClass(class_t*) (in /usr/lib/libobjc.A.dylib)
==38381==    by 0x1729FC3: look_up_class (in /usr/lib/libobjc.A.dylib)
==38381==    by 0x4734D11: _NSToDoAtProcessStart (in /System/Library/Frameworks/Foundation.framework/Versions/C/Foundation)
==38381==    by 0x47349C7: _NSInitializePlatform (in /System/Library/Frameworks/Foundation.framework/Versions/C/Foundation)
==38381==    by 0x1729D8F: call_load_methods (in /usr/lib/libobjc.A.dylib)
==38381==    by 0x172998E: load_images (in /usr/lib/libobjc.A.dylib)
==38381==    by 0x7FFF5FC01E01: dyld::notifySingle(dyld_image_states, ImageLoader const*) (in /usr/lib/dyld)
==38381==    by 0x7FFF5FC10056: ImageLoader::recursiveInitialization(ImageLoader::LinkContext const&, unsigned int, ImageLoader::InitializerTimingList&) (in /usr/lib/dyld)
==38381== 
==38381== 24 bytes in 1 blocks are possibly lost in loss record 476 of 6,179
==38381==    at 0x7A55: malloc_zone_calloc (vg_replace_malloc.c:599)
==38381==    by 0x172866D: NXHashInsert (in /usr/lib/libobjc.A.dylib)
==38381==    by 0x173833D: realizeClass(class_t*) (in /usr/lib/libobjc.A.dylib)
==38381==    by 0x17375D0: realizeClass(class_t*) (in /usr/lib/libobjc.A.dylib)
==38381==    by 0x1729FC3: look_up_class (in /usr/lib/libobjc.A.dylib)
==38381==    by 0x4734D6A: _NSToDoAtProcessStart (in /System/Library/Frameworks/Foundation.framework/Versions/C/Foundation)
==38381==    by 0x47349C7: _NSInitializePlatform (in /System/Library/Frameworks/Foundation.framework/Versions/C/Foundation)
==38381==    by 0x1729D8F: call_load_methods (in /usr/lib/libobjc.A.dylib)
==38381==    by 0x172998E: load_images (in /usr/lib/libobjc.A.dylib)
==38381==    by 0x7FFF5FC01E01: dyld::notifySingle(dyld_image_states, ImageLoader const*) (in /usr/lib/dyld)
==38381==    by 0x7FFF5FC10056: ImageLoader::recursiveInitialization(ImageLoader::LinkContext const&, unsigned int, ImageLoader::InitializerTimingList&) (in /usr/lib/dyld)
==38381==    by 0x7FFF5FC0FFC3: ImageLoader::recursiveInitialization(ImageLoader::LinkContext const&, unsigned int, ImageLoader::InitializerTimingList&) (in /usr/lib/dyld)
==38381== 
==38381== 24 bytes in 1 blocks are possibly lost in loss record 477 of 6,179
==38381==    at 0x7A55: malloc_zone_calloc (vg_replace_malloc.c:599)
==38381==    by 0x172866D: NXHashInsert (in /usr/lib/libobjc.A.dylib)
==38381==    by 0x1738324: realizeClass(class_t*) (in /usr/lib/libobjc.A.dylib)
==38381==    by 0x1729FC3: look_up_class (in /usr/lib/libobjc.A.dylib)
==38381==    by 0x4734D6A: _NSToDoAtProcessStart (in /System/Library/Frameworks/Foundation.framework/Versions/C/Foundation)
==38381==    by 0x47349C7: _NSInitializePlatform (in /System/Library/Frameworks/Foundation.framework/Versions/C/Foundation)
==38381==    by 0x1729D8F: call_load_methods (in /usr/lib/libobjc.A.dylib)
==38381==    by 0x172998E: load_images (in /usr/lib/libobjc.A.dylib)
==38381==    by 0x7FFF5FC01E01: dyld::notifySingle(dyld_image_states, ImageLoader const*) (in /usr/lib/dyld)
==38381==    by 0x7FFF5FC10056: ImageLoader::recursiveInitialization(ImageLoader::LinkContext const&, unsigned int, ImageLoader::InitializerTimingList&) (in /usr/lib/dyld)
==38381==    by 0x7FFF5FC0FFC3: ImageLoader::recursiveInitialization(ImageLoader::LinkContext const&, unsigned int, ImageLoader::InitializerTimingList&) (in /usr/lib/dyld)
==38381==    by 0x7FFF5FC0FFC3: ImageLoader::recursiveInitialization(ImageLoader::LinkContext const&, unsigned int, ImageLoader::InitializerTimingList&) (in /usr/lib/dyld)
==38381== 
==38381== 24 bytes in 1 blocks are possibly lost in loss record 478 of 6,179
==38381==    at 0x7A55: malloc_zone_calloc (vg_replace_malloc.c:599)
==38381==    by 0x172866D: NXHashInsert (in /usr/lib/libobjc.A.dylib)
==38381==    by 0x1738324: realizeClass(class_t*) (in /usr/lib/libobjc.A.dylib)
==38381==    by 0x1729FC3: look_up_class (in /usr/lib/libobjc.A.dylib)
==38381==    by 0x4734D9C: _NSToDoAtProcessStart (in /System/Library/Frameworks/Foundation.framework/Versions/C/Foundation)
==38381==    by 0x47349C7: _NSInitializePlatform (in /System/Library/Frameworks/Foundation.framework/Versions/C/Foundation)
==38381==    by 0x1729D8F: call_load_methods (in /usr/lib/libobjc.A.dylib)
==38381==    by 0x172998E: load_images (in /usr/lib/libobjc.A.dylib)
==38381==    by 0x7FFF5FC01E01: dyld::notifySingle(dyld_image_states, ImageLoader const*) (in /usr/lib/dyld)
==38381==    by 0x7FFF5FC10056: ImageLoader::recursiveInitialization(ImageLoader::LinkContext const&, unsigned int, ImageLoader::InitializerTimingList&) (in /usr/lib/dyld)
==38381==    by 0x7FFF5FC0FFC3: ImageLoader::recursiveInitialization(ImageLoader::LinkContext const&, unsigned int, ImageLoader::InitializerTimingList&) (in /usr/lib/dyld)
==38381==    by 0x7FFF5FC0FFC3: ImageLoader::recursiveInitialization(ImageLoader::LinkContext const&, unsigned int, ImageLoader::InitializerTimingList&) (in /usr/lib/dyld)
==38381== 
==38381== 24 bytes in 1 blocks are possibly lost in loss record 479 of 6,179
==38381==    at 0x7A55: malloc_zone_calloc (vg_replace_malloc.c:599)
==38381==    by 0x172866D: NXHashInsert (in /usr/lib/libobjc.A.dylib)
==38381==    by 0x173833D: realizeClass(class_t*) (in /usr/lib/libobjc.A.dylib)
==38381==    by 0x17375D0: realizeClass(class_t*) (in /usr/lib/libobjc.A.dylib)
==38381==    by 0x1729FC3: look_up_class (in /usr/lib/libobjc.A.dylib)
==38381==    by 0x4734E12: _NSToDoAtProcessStart (in /System/Library/Frameworks/Foundation.framework/Versions/C/Foundation)
==38381==    by 0x47349C7: _NSInitializePlatform (in /System/Library/Frameworks/Foundation.framework/Versions/C/Foundation)
==38381==    by 0x1729D8F: call_load_methods (in /usr/lib/libobjc.A.dylib)
==38381==    by 0x172998E: load_images (in /usr/lib/libobjc.A.dylib)
==38381==    by 0x7FFF5FC01E01: dyld::notifySingle(dyld_image_states, ImageLoader const*) (in /usr/lib/dyld)
==38381==    by 0x7FFF5FC10056: ImageLoader::recursiveInitialization(ImageLoader::LinkContext const&, unsigned int, ImageLoader::InitializerTimingList&) (in /usr/lib/dyld)
==38381==    by 0x7FFF5FC0FFC3: ImageLoader::recursiveInitialization(ImageLoader::LinkContext const&, unsigned int, ImageLoader::InitializerTimingList&) (in /usr/lib/dyld)
==38381== 
==38381== 24 bytes in 1 blocks are possibly lost in loss record 480 of 6,179
==38381==    at 0x7A55: malloc_zone_calloc (vg_replace_malloc.c:599)
==38381==    by 0x172866D: NXHashInsert (in /usr/lib/libobjc.A.dylib)
==38381==    by 0x173833D: realizeClass(class_t*) (in /usr/lib/libobjc.A.dylib)
==38381==    by 0x17375D0: realizeClass(class_t*) (in /usr/lib/libobjc.A.dylib)
==38381==    by 0x17375BC: realizeClass(class_t*) (in /usr/lib/libobjc.A.dylib)
==38381==    by 0x1729FC3: look_up_class (in /usr/lib/libobjc.A.dylib)
==38381==    by 0x4734EEA: _NSToDoAtProcessStart (in /System/Library/Frameworks/Foundation.framework/Versions/C/Foundation)
==38381==    by 0x47349C7: _NSInitializePlatform (in /System/Library/Frameworks/Foundation.framework/Versions/C/Foundation)
==38381==    by 0x1729D8F: call_load_methods (in /usr/lib/libobjc.A.dylib)
==38381==    by 0x172998E: load_images (in /usr/lib/libobjc.A.dylib)
==38381==    by 0x7FFF5FC01E01: dyld::notifySingle(dyld_image_states, ImageLoader const*) (in /usr/lib/dyld)
==38381==    by 0x7FFF5FC10056: ImageLoader::recursiveInitialization(ImageLoader::LinkContext const&, unsigned int, ImageLoader::InitializerTimingList&) (in /usr/lib/dyld)
==38381== 
==38381== 24 bytes in 1 blocks are possibly lost in loss record 481 of 6,179
==38381==    at 0x7A55: malloc_zone_calloc (vg_replace_malloc.c:599)
==38381==    by 0x172866D: NXHashInsert (in /usr/lib/libobjc.A.dylib)
==38381==    by 0x173833D: realizeClass(class_t*) (in /usr/lib/libobjc.A.dylib)
==38381==    by 0x17375D0: realizeClass(class_t*) (in /usr/lib/libobjc.A.dylib)
==38381==    by 0x1729FC3: look_up_class (in /usr/lib/libobjc.A.dylib)
==38381==    by 0x4734EEA: _NSToDoAtProcessStart (in /System/Library/Frameworks/Foundation.framework/Versions/C/Foundation)
==38381==    by 0x47349C7: _NSInitializePlatform (in /System/Library/Frameworks/Foundation.framework/Versions/C/Foundation)
==38381==    by 0x1729D8F: call_load_methods (in /usr/lib/libobjc.A.dylib)
==38381==    by 0x172998E: load_images (in /usr/lib/libobjc.A.dylib)
==38381==    by 0x7FFF5FC01E01: dyld::notifySingle(dyld_image_states, ImageLoader const*) (in /usr/lib/dyld)
==38381==    by 0x7FFF5FC10056: ImageLoader::recursiveInitialization(ImageLoader::LinkContext const&, unsigned int, ImageLoader::InitializerTimingList&) (in /usr/lib/dyld)
==38381==    by 0x7FFF5FC0FFC3: ImageLoader::recursiveInitialization(ImageLoader::LinkContext const&, unsigned int, ImageLoader::InitializerTimingList&) (in /usr/lib/dyld)
==38381== 
==38381== 24 bytes in 1 blocks are possibly lost in loss record 482 of 6,179
==38381==    at 0x7A55: malloc_zone_calloc (vg_replace_malloc.c:599)
==38381==    by 0x172866D: NXHashInsert (in /usr/lib/libobjc.A.dylib)
==38381==    by 0x1738324: realizeClass(class_t*) (in /usr/lib/libobjc.A.dylib)
==38381==    by 0x1729FC3: look_up_class (in /usr/lib/libobjc.A.dylib)
==38381==    by 0x4734F03: _NSToDoAtProcessStart (in /System/Library/Frameworks/Foundation.framework/Versions/C/Foundation)
==38381==    by 0x47349C7: _NSInitializePlatform (in /System/Library/Frameworks/Foundation.framework/Versions/C/Foundation)
==38381==    by 0x1729D8F: call_load_methods (in /usr/lib/libobjc.A.dylib)
==38381==    by 0x172998E: load_images (in /usr/lib/libobjc.A.dylib)
==38381==    by 0x7FFF5FC01E01: dyld::notifySingle(dyld_image_states, ImageLoader const*) (in /usr/lib/dyld)
==38381==    by 0x7FFF5FC10056: ImageLoader::recursiveInitialization(ImageLoader::LinkContext const&, unsigned int, ImageLoader::InitializerTimingList&) (in /usr/lib/dyld)
==38381==    by 0x7FFF5FC0FFC3: ImageLoader::recursiveInitialization(ImageLoader::LinkContext const&, unsigned int, ImageLoader::InitializerTimingList&) (in /usr/lib/dyld)
==38381==    by 0x7FFF5FC0FFC3: ImageLoader::recursiveInitialization(ImageLoader::LinkContext const&, unsigned int, ImageLoader::InitializerTimingList&) (in /usr/lib/dyld)
==38381== 
==38381== 24 bytes in 1 blocks are possibly lost in loss record 483 of 6,179
==38381==    at 0x7A55: malloc_zone_calloc (vg_replace_malloc.c:599)
==38381==    by 0x172866D: NXHashInsert (in /usr/lib/libobjc.A.dylib)
==38381==    by 0x173833D: realizeClass(class_t*) (in /usr/lib/libobjc.A.dylib)
==38381==    by 0x172C09E: prepareForMethodLookup (in /usr/lib/libobjc.A.dylib)
==38381==    by 0x172BEEE: lookUpMethod (in /usr/lib/libobjc.A.dylib)
==38381==    by 0x172A2FB: objc_msgSend (in /usr/lib/libobjc.A.dylib)
==38381==    by 0x4734F7C: _NSToDoAtProcessStart (in /System/Library/Frameworks/Foundation.framework/Versions/C/Foundation)
==38381==    by 0x47349C7: _NSInitializePlatform (in /System/Library/Frameworks/Foundation.framework/Versions/C/Foundation)
==38381==    by 0x1729D8F: call_load_methods (in /usr/lib/libobjc.A.dylib)
==38381==    by 0x172998E: load_images (in /usr/lib/libobjc.A.dylib)
==38381==    by 0x7FFF5FC01E01: dyld::notifySingle(dyld_image_states, ImageLoader const*) (in /usr/lib/dyld)
==38381==    by 0x7FFF5FC10056: ImageLoader::recursiveInitialization(ImageLoader::LinkContext const&, unsigned int, ImageLoader::InitializerTimingList&) (in /usr/lib/dyld)
==38381== 
==38381== 24 bytes in 1 blocks are possibly lost in loss record 484 of 6,179
==38381==    at 0x7A55: malloc_zone_calloc (vg_replace_malloc.c:599)
==38381==    by 0x172866D: NXHashInsert (in /usr/lib/libobjc.A.dylib)
==38381==    by 0x1738324: realizeClass(class_t*) (in /usr/lib/libobjc.A.dylib)
==38381==    by 0x172C4B0: _class_getNonMetaClass (in /usr/lib/libobjc.A.dylib)
==38381==    by 0x172C0EA: prepareForMethodLookup (in /usr/lib/libobjc.A.dylib)
==38381==    by 0x172BEEE: lookUpMethod (in /usr/lib/libobjc.A.dylib)
==38381==    by 0x172A2FB: objc_msgSend (in /usr/lib/libobjc.A.dylib)
==38381==    by 0x4734F7C: _NSToDoAtProcessStart (in /System/Library/Frameworks/Foundation.framework/Versions/C/Foundation)
==38381==    by 0x47349C7: _NSInitializePlatform (in /System/Library/Frameworks/Foundation.framework/Versions/C/Foundation)
==38381==    by 0x1729D8F: call_load_methods (in /usr/lib/libobjc.A.dylib)
==38381==    by 0x172998E: load_images (in /usr/lib/libobjc.A.dylib)
==38381==    by 0x7FFF5FC01E01: dyld::notifySingle(dyld_image_states, ImageLoader const*) (in /usr/lib/dyld)
==38381== 
==38381== 24 bytes in 1 blocks are possibly lost in loss record 485 of 6,179
==38381==    at 0x7A55: malloc_zone_calloc (vg_replace_malloc.c:599)
==38381==    by 0x172866D: NXHashInsert (in /usr/lib/libobjc.A.dylib)
==38381==    by 0x173833D: realizeClass(class_t*) (in /usr/lib/libobjc.A.dylib)
==38381==    by 0x172C09E: prepareForMethodLookup (in /usr/lib/libobjc.A.dylib)
==38381==    by 0x172BEEE: lookUpMethod (in /usr/lib/libobjc.A.dylib)
==38381==    by 0x172A2FB: objc_msgSend (in /usr/lib/libobjc.A.dylib)
==38381==    by 0x4734A5D: _NSInitializePlatform (in /System/Library/Frameworks/Foundation.framework/Versions/C/Foundation)
==38381==    by 0x1729D8F: call_load_methods (in /usr/lib/libobjc.A.dylib)
==38381==    by 0x172998E: load_images (in /usr/lib/libobjc.A.dylib)
==38381==    by 0x7FFF5FC01E01: dyld::notifySingle(dyld_image_states, ImageLoader const*) (in /usr/lib/dyld)
==38381==    by 0x7FFF5FC10056: ImageLoader::recursiveInitialization(ImageLoader::LinkContext const&, unsigned int, ImageLoader::InitializerTimingList&) (in /usr/lib/dyld)
==38381==    by 0x7FFF5FC0FFC3: ImageLoader::recursiveInitialization(ImageLoader::LinkContext const&, unsigned int, ImageLoader::InitializerTimingList&) (in /usr/lib/dyld)
==38381== 
==38381== 24 bytes in 1 blocks are possibly lost in loss record 486 of 6,179
==38381==    at 0x7A55: malloc_zone_calloc (vg_replace_malloc.c:599)
==38381==    by 0x172866D: NXHashInsert (in /usr/lib/libobjc.A.dylib)
==38381==    by 0x173833D: realizeClass(class_t*) (in /usr/lib/libobjc.A.dylib)
==38381==    by 0x172C09E: prepareForMethodLookup (in /usr/lib/libobjc.A.dylib)
==38381==    by 0x172BEEE: lookUpMethod (in /usr/lib/libobjc.A.dylib)
==38381==    by 0x172A2FB: objc_msgSend (in /usr/lib/libobjc.A.dylib)
==38381==    by 0x4B80FD: +[NSDictionary allocWithZone:] (in /System/Library/Frameworks/CoreFoundation.framework/Versions/A/CoreFoundation)
==38381==    by 0x17455BB: +[NSObject new] (in /usr/lib/libobjc.A.dylib)
==38381==    by 0x4735639: -[NSThread init] (in /System/Library/Frameworks/Foundation.framework/Versions/C/Foundation)
==38381==    by 0x473542C: _NSThreadGet0 (in /System/Library/Frameworks/Foundation.framework/Versions/C/Foundation)
==38381==    by 0x4734A5D: _NSInitializePlatform (in /System/Library/Frameworks/Foundation.framework/Versions/C/Foundation)
==38381==    by 0x1729D8F: call_load_methods (in /usr/lib/libobjc.A.dylib)
==38381== 
==38381== 24 bytes in 1 blocks are possibly lost in loss record 487 of 6,179
==38381==    at 0x7A55: malloc_zone_calloc (vg_replace_malloc.c:599)
==38381==    by 0x172866D: NXHashInsert (in /usr/lib/libobjc.A.dylib)
==38381==    by 0x173833D: realizeClass(class_t*) (in /usr/lib/libobjc.A.dylib)
==38381==    by 0x172C09E: prepareForMethodLookup (in /usr/lib/libobjc.A.dylib)
==38381==    by 0x172BEEE: lookUpMethod (in /usr/lib/libobjc.A.dylib)
==38381==    by 0x172A2FB: objc_msgSend (in /usr/lib/libobjc.A.dylib)
==38381==    by 0x4C93BF: -[__NSPlaceholderDictionary initWithCapacity:] (in /System/Library/Frameworks/CoreFoundation.framework/Versions/A/CoreFoundation)
==38381==    by 0x4735639: -[NSThread init] (in /System/Library/Frameworks/Foundation.framework/Versions/C/Foundation)
==38381==    by 0x473542C: _NSThreadGet0 (in /System/Library/Frameworks/Foundation.framework/Versions/C/Foundation)
==38381==    by 0x4734A5D: _NSInitializePlatform (in /System/Library/Frameworks/Foundation.framework/Versions/C/Foundation)
==38381==    by 0x1729D8F: call_load_methods (in /usr/lib/libobjc.A.dylib)
==38381==    by 0x172998E: load_images (in /usr/lib/libobjc.A.dylib)
==38381== 
==38381== 24 bytes in 1 blocks are possibly lost in loss record 488 of 6,179
==38381==    at 0x7A55: malloc_zone_calloc (vg_replace_malloc.c:599)
==38381==    by 0x172866D: NXHashInsert (in /usr/lib/libobjc.A.dylib)
==38381==    by 0x1738324: realizeClass(class_t*) (in /usr/lib/libobjc.A.dylib)
==38381==    by 0x172C4B0: _class_getNonMetaClass (in /usr/lib/libobjc.A.dylib)
==38381==    by 0x172C0EA: prepareForMethodLookup (in /usr/lib/libobjc.A.dylib)
==38381==    by 0x172BEEE: lookUpMethod (in /usr/lib/libobjc.A.dylib)
==38381==    by 0x172A2FB: objc_msgSend (in /usr/lib/libobjc.A.dylib)
==38381==    by 0x4C93BF: -[__NSPlaceholderDictionary initWithCapacity:] (in /System/Library/Frameworks/CoreFoundation.framework/Versions/A/CoreFoundation)
==38381==    by 0x4735639: -[NSThread init] (in /System/Library/Frameworks/Foundation.framework/Versions/C/Foundation)
==38381==    by 0x473542C: _NSThreadGet0 (in /System/Library/Frameworks/Foundation.framework/Versions/C/Foundation)
==38381==    by 0x4734A5D: _NSInitializePlatform (in /System/Library/Frameworks/Foundation.framework/Versions/C/Foundation)
==38381==    by 0x1729D8F: call_load_methods (in /usr/lib/libobjc.A.dylib)
==38381== 
==38381== 24 bytes in 1 blocks are possibly lost in loss record 489 of 6,179
==38381==    at 0x7A55: malloc_zone_calloc (vg_replace_malloc.c:599)
==38381==    by 0x172866D: NXHashInsert (in /usr/lib/libobjc.A.dylib)
==38381==    by 0x173833D: realizeClass(class_t*) (in /usr/lib/libobjc.A.dylib)
==38381==    by 0x17375D0: realizeClass(class_t*) (in /usr/lib/libobjc.A.dylib)
==38381==    by 0x172BD24: _objc_fixupMessageRef (in /usr/lib/libobjc.A.dylib)
==38381==    by 0x172A3AF: objc_msgSend_fixup (in /usr/lib/libobjc.A.dylib)
==38381==    by 0x34BB726: +[NSBinder load] (in /System/Library/Frameworks/AppKit.framework/Versions/C/AppKit)
==38381==    by 0x1729CA9: call_load_methods (in /usr/lib/libobjc.A.dylib)
==38381==    by 0x172998E: load_images (in /usr/lib/libobjc.A.dylib)
==38381==    by 0x7FFF5FC01E01: dyld::notifySingle(dyld_image_states, ImageLoader const*) (in /usr/lib/dyld)
==38381==    by 0x7FFF5FC10056: ImageLoader::recursiveInitialization(ImageLoader::LinkContext const&, unsigned int, ImageLoader::InitializerTimingList&) (in /usr/lib/dyld)
==38381==    by 0x7FFF5FC0FFC3: ImageLoader::recursiveInitialization(ImageLoader::LinkContext const&, unsigned int, ImageLoader::InitializerTimingList&) (in /usr/lib/dyld)
==38381== 
==38381== 32 bytes in 1 blocks are possibly lost in loss record 557 of 6,179
==38381==    at 0x7A55: malloc_zone_calloc (vg_replace_malloc.c:599)
==38381==    by 0x17286EA: NXHashInsert (in /usr/lib/libobjc.A.dylib)
==38381==    by 0x172846C: NXCreateHashTableFromZone (in /usr/lib/libobjc.A.dylib)
==38381==    by 0x1727788: _read_images (in /usr/lib/libobjc.A.dylib)
==38381==    by 0x17269EB: map_images_nolock (in /usr/lib/libobjc.A.dylib)
==38381==    by 0x17264F3: map_images (in /usr/lib/libobjc.A.dylib)
==38381==    by 0x7FFF5FC04936: dyld::notifyBatchPartial(dyld_image_states, bool, char const* (*)(dyld_image_states, unsigned int, dyld_image_info const*)) (in /usr/lib/dyld)
==38381==    by 0x7FFF5FC0467C: dyld::registerImageStateBatchChangeHandler(dyld_image_states, char const* (*)(dyld_image_states, unsigned int, dyld_image_info const*)) (in /usr/lib/dyld)
==38381==    by 0x1436ED9: dyld_register_image_state_change_handler (in /usr/lib/system/libdyld.dylib)
==38381==    by 0x172504C: _objc_init (in /usr/lib/libobjc.A.dylib)
==38381==    by 0x33DB27: libSystem_initializer (in /usr/lib/libSystem.B.dylib)
==38381==    by 0x7FFF5FC13377: ImageLoaderMachO::doModInitFunctions(ImageLoader::LinkContext const&) (in /usr/lib/dyld)
==38381== 
==38381== 32 bytes in 1 blocks are possibly lost in loss record 558 of 6,179
==38381==    at 0x7A55: malloc_zone_calloc (vg_replace_malloc.c:599)
==38381==    by 0x17286EA: NXHashInsert (in /usr/lib/libobjc.A.dylib)
==38381==    by 0x172D532: objc_registerClassPair (in /usr/lib/libobjc.A.dylib)
==38381==    by 0x4E9A68: __CFMakeNSBlockClasses (in /System/Library/Frameworks/CoreFoundation.framework/Versions/A/CoreFoundation)
==38381==    by 0x4D198E: __CFInitialize (in /System/Library/Frameworks/CoreFoundation.framework/Versions/A/CoreFoundation)
==38381==    by 0x7FFF5FC13255: ImageLoaderMachO::doImageInit(ImageLoader::LinkContext const&) (in /usr/lib/dyld)
==38381==    by 0x7FFF5FC13756: ImageLoaderMachO::doInitialization(ImageLoader::LinkContext const&) (in /usr/lib/dyld)
==38381==    by 0x7FFF5FC1006D: ImageLoader::recursiveInitialization(ImageLoader::LinkContext const&, unsigned int, ImageLoader::InitializerTimingList&) (in /usr/lib/dyld)
==38381==    by 0x7FFF5FC0FFC3: ImageLoader::recursiveInitialization(ImageLoader::LinkContext const&, unsigned int, ImageLoader::InitializerTimingList&) (in /usr/lib/dyld)
==38381==    by 0x7FFF5FC0FFC3: ImageLoader::recursiveInitialization(ImageLoader::LinkContext const&, unsigned int, ImageLoader::InitializerTimingList&) (in /usr/lib/dyld)
==38381==    by 0x7FFF5FC0FEB9: ImageLoader::runInitializers(ImageLoader::LinkContext const&, ImageLoader::InitializerTimingList&) (in /usr/lib/dyld)
==38381==    by 0x7FFF5FC01FBF: dyld::initializeMainExecutable() (in /usr/lib/dyld)
==38381== 
==38381== 32 bytes in 1 blocks are possibly lost in loss record 559 of 6,179
==38381==    at 0x7A55: malloc_zone_calloc (vg_replace_malloc.c:599)
==38381==    by 0x17286EA: NXHashInsert (in /usr/lib/libobjc.A.dylib)
==38381==    by 0x172D51B: objc_registerClassPair (in /usr/lib/libobjc.A.dylib)
==38381==    by 0x4E9A98: __CFMakeNSBlockClasses (in /System/Library/Frameworks/CoreFoundation.framework/Versions/A/CoreFoundation)
==38381==    by 0x4D198E: __CFInitialize (in /System/Library/Frameworks/CoreFoundation.framework/Versions/A/CoreFoundation)
==38381==    by 0x7FFF5FC13255: ImageLoaderMachO::doImageInit(ImageLoader::LinkContext const&) (in /usr/lib/dyld)
==38381==    by 0x7FFF5FC13756: ImageLoaderMachO::doInitialization(ImageLoader::LinkContext const&) (in /usr/lib/dyld)
==38381==    by 0x7FFF5FC1006D: ImageLoader::recursiveInitialization(ImageLoader::LinkContext const&, unsigned int, ImageLoader::InitializerTimingList&) (in /usr/lib/dyld)
==38381==    by 0x7FFF5FC0FFC3: ImageLoader::recursiveInitialization(ImageLoader::LinkContext const&, unsigned int, ImageLoader::InitializerTimingList&) (in /usr/lib/dyld)
==38381==    by 0x7FFF5FC0FFC3: ImageLoader::recursiveInitialization(ImageLoader::LinkContext const&, unsigned int, ImageLoader::InitializerTimingList&) (in /usr/lib/dyld)
==38381==    by 0x7FFF5FC0FEB9: ImageLoader::runInitializers(ImageLoader::LinkContext const&, ImageLoader::InitializerTimingList&) (in /usr/lib/dyld)
==38381==    by 0x7FFF5FC01FBF: dyld::initializeMainExecutable() (in /usr/lib/dyld)
==38381== 
==38381== 32 bytes in 1 blocks are possibly lost in loss record 560 of 6,179
==38381==    at 0x7A55: malloc_zone_calloc (vg_replace_malloc.c:599)
==38381==    by 0x17286EA: NXHashInsert (in /usr/lib/libobjc.A.dylib)
==38381==    by 0x1738324: realizeClass(class_t*) (in /usr/lib/libobjc.A.dylib)
==38381==    by 0x17375BC: realizeClass(class_t*) (in /usr/lib/libobjc.A.dylib)
==38381==    by 0x1727E9C: _read_images (in /usr/lib/libobjc.A.dylib)
==38381==    by 0x17269EB: map_images_nolock (in /usr/lib/libobjc.A.dylib)
==38381==    by 0x17264F3: map_images (in /usr/lib/libobjc.A.dylib)
==38381==    by 0x7FFF5FC049B3: dyld::notifyBatchPartial(dyld_image_states, bool, char const* (*)(dyld_image_states, unsigned int, dyld_image_info const*)) (in /usr/lib/dyld)
==38381==    by 0x7FFF5FC0F039: ImageLoader::link(ImageLoader::LinkContext const&, bool, bool, ImageLoader::RPathChain const&) (in /usr/lib/dyld)
==38381==    by 0x7FFF5FC04CE3: dyld::link(ImageLoader*, bool, ImageLoader::RPathChain const&) (in /usr/lib/dyld)
==38381==    by 0x7FFF5FC0A819: dlopen (in /usr/lib/dyld)
==38381==    by 0x1436DD7: dlopen (in /usr/lib/system/libdyld.dylib)
==38381== 
==38381== 32 bytes in 1 blocks are possibly lost in loss record 561 of 6,179
==38381==    at 0x7A55: malloc_zone_calloc (vg_replace_malloc.c:599)
==38381==    by 0x17286EA: NXHashInsert (in /usr/lib/libobjc.A.dylib)
==38381==    by 0x173833D: realizeClass(class_t*) (in /usr/lib/libobjc.A.dylib)
==38381==    by 0x17375D0: realizeClass(class_t*) (in /usr/lib/libobjc.A.dylib)
==38381==    by 0x17375BC: realizeClass(class_t*) (in /usr/lib/libobjc.A.dylib)
==38381==    by 0x1729FC3: look_up_class (in /usr/lib/libobjc.A.dylib)
==38381==    by 0x4734C76: _NSToDoAtProcessStart (in /System/Library/Frameworks/Foundation.framework/Versions/C/Foundation)
==38381==    by 0x47349C7: _NSInitializePlatform (in /System/Library/Frameworks/Foundation.framework/Versions/C/Foundation)
==38381==    by 0x1729D8F: call_load_methods (in /usr/lib/libobjc.A.dylib)
==38381==    by 0x172998E: load_images (in /usr/lib/libobjc.A.dylib)
==38381==    by 0x7FFF5FC01E01: dyld::notifySingle(dyld_image_states, ImageLoader const*) (in /usr/lib/dyld)
==38381==    by 0x7FFF5FC10056: ImageLoader::recursiveInitialization(ImageLoader::LinkContext const&, unsigned int, ImageLoader::InitializerTimingList&) (in /usr/lib/dyld)
==38381== 
==38381== 32 bytes in 1 blocks are possibly lost in loss record 562 of 6,179
==38381==    at 0x7A55: malloc_zone_calloc (vg_replace_malloc.c:599)
==38381==    by 0x17286EA: NXHashInsert (in /usr/lib/libobjc.A.dylib)
==38381==    by 0x1738324: realizeClass(class_t*) (in /usr/lib/libobjc.A.dylib)
==38381==    by 0x1729FC3: look_up_class (in /usr/lib/libobjc.A.dylib)
==38381==    by 0x4734C76: _NSToDoAtProcessStart (in /System/Library/Frameworks/Foundation.framework/Versions/C/Foundation)
==38381==    by 0x47349C7: _NSInitializePlatform (in /System/Library/Frameworks/Foundation.framework/Versions/C/Foundation)
==38381==    by 0x1729D8F: call_load_methods (in /usr/lib/libobjc.A.dylib)
==38381==    by 0x172998E: load_images (in /usr/lib/libobjc.A.dylib)
==38381==    by 0x7FFF5FC01E01: dyld::notifySingle(dyld_image_states, ImageLoader const*) (in /usr/lib/dyld)
==38381==    by 0x7FFF5FC10056: ImageLoader::recursiveInitialization(ImageLoader::LinkContext const&, unsigned int, ImageLoader::InitializerTimingList&) (in /usr/lib/dyld)
==38381==    by 0x7FFF5FC0FFC3: ImageLoader::recursiveInitialization(ImageLoader::LinkContext const&, unsigned int, ImageLoader::InitializerTimingList&) (in /usr/lib/dyld)
==38381==    by 0x7FFF5FC0FFC3: ImageLoader::recursiveInitialization(ImageLoader::LinkContext const&, unsigned int, ImageLoader::InitializerTimingList&) (in /usr/lib/dyld)
==38381== 
==38381== 32 bytes in 1 blocks are possibly lost in loss record 563 of 6,179
==38381==    at 0x7A55: malloc_zone_calloc (vg_replace_malloc.c:599)
==38381==    by 0x17286EA: NXHashInsert (in /usr/lib/libobjc.A.dylib)
==38381==    by 0x1738324: realizeClass(class_t*) (in /usr/lib/libobjc.A.dylib)
==38381==    by 0x17375BC: realizeClass(class_t*) (in /usr/lib/libobjc.A.dylib)
==38381==    by 0x1729FC3: look_up_class (in /usr/lib/libobjc.A.dylib)
==38381==    by 0x4734D11: _NSToDoAtProcessStart (in /System/Library/Frameworks/Foundation.framework/Versions/C/Foundation)
==38381==    by 0x47349C7: _NSInitializePlatform (in /System/Library/Frameworks/Foundation.framework/Versions/C/Foundation)
==38381==    by 0x1729D8F: call_load_methods (in /usr/lib/libobjc.A.dylib)
==38381==    by 0x172998E: load_images (in /usr/lib/libobjc.A.dylib)
==38381==    by 0x7FFF5FC01E01: dyld::notifySingle(dyld_image_states, ImageLoader const*) (in /usr/lib/dyld)
==38381==    by 0x7FFF5FC10056: ImageLoader::recursiveInitialization(ImageLoader::LinkContext const&, unsigned int, ImageLoader::InitializerTimingList&) (in /usr/lib/dyld)
==38381==    by 0x7FFF5FC0FFC3: ImageLoader::recursiveInitialization(ImageLoader::LinkContext const&, unsigned int, ImageLoader::InitializerTimingList&) (in /usr/lib/dyld)
==38381== 
==38381== 32 bytes in 1 blocks are possibly lost in loss record 564 of 6,179
==38381==    at 0x7A55: malloc_zone_calloc (vg_replace_malloc.c:599)
==38381==    by 0x17286EA: NXHashInsert (in /usr/lib/libobjc.A.dylib)
==38381==    by 0x173833D: realizeClass(class_t*) (in /usr/lib/libobjc.A.dylib)
==38381==    by 0x17375D0: realizeClass(class_t*) (in /usr/lib/libobjc.A.dylib)
==38381==    by 0x1729FC3: look_up_class (in /usr/lib/libobjc.A.dylib)
==38381==    by 0x4734D11: _NSToDoAtProcessStart (in /System/Library/Frameworks/Foundation.framework/Versions/C/Foundation)
==38381==    by 0x47349C7: _NSInitializePlatform (in /System/Library/Frameworks/Foundation.framework/Versions/C/Foundation)
==38381==    by 0x1729D8F: call_load_methods (in /usr/lib/libobjc.A.dylib)
==38381==    by 0x172998E: load_images (in /usr/lib/libobjc.A.dylib)
==38381==    by 0x7FFF5FC01E01: dyld::notifySingle(dyld_image_states, ImageLoader const*) (in /usr/lib/dyld)
==38381==    by 0x7FFF5FC10056: ImageLoader::recursiveInitialization(ImageLoader::LinkContext const&, unsigned int, ImageLoader::InitializerTimingList&) (in /usr/lib/dyld)
==38381==    by 0x7FFF5FC0FFC3: ImageLoader::recursiveInitialization(ImageLoader::LinkContext const&, unsigned int, ImageLoader::InitializerTimingList&) (in /usr/lib/dyld)
==38381== 
==38381== 32 bytes in 1 blocks are possibly lost in loss record 565 of 6,179
==38381==    at 0x7A55: malloc_zone_calloc (vg_replace_malloc.c:599)
==38381==    by 0x17286EA: NXHashInsert (in /usr/lib/libobjc.A.dylib)
==38381==    by 0x1738324: realizeClass(class_t*) (in /usr/lib/libobjc.A.dylib)
==38381==    by 0x1729FC3: look_up_class (in /usr/lib/libobjc.A.dylib)
==38381==    by 0x4734D81: _NSToDoAtProcessStart (in /System/Library/Frameworks/Foundation.framework/Versions/C/Foundation)
==38381==    by 0x47349C7: _NSInitializePlatform (in /System/Library/Frameworks/Foundation.framework/Versions/C/Foundation)
==38381==    by 0x1729D8F: call_load_methods (in /usr/lib/libobjc.A.dylib)
==38381==    by 0x172998E: load_images (in /usr/lib/libobjc.A.dylib)
==38381==    by 0x7FFF5FC01E01: dyld::notifySingle(dyld_image_states, ImageLoader const*) (in /usr/lib/dyld)
==38381==    by 0x7FFF5FC10056: ImageLoader::recursiveInitialization(ImageLoader::LinkContext const&, unsigned int, ImageLoader::InitializerTimingList&) (in /usr/lib/dyld)
==38381==    by 0x7FFF5FC0FFC3: ImageLoader::recursiveInitialization(ImageLoader::LinkContext const&, unsigned int, ImageLoader::InitializerTimingList&) (in /usr/lib/dyld)
==38381==    by 0x7FFF5FC0FFC3: ImageLoader::recursiveInitialization(ImageLoader::LinkContext const&, unsigned int, ImageLoader::InitializerTimingList&) (in /usr/lib/dyld)
==38381== 
==38381== 32 bytes in 1 blocks are possibly lost in loss record 566 of 6,179
==38381==    at 0x7A55: malloc_zone_calloc (vg_replace_malloc.c:599)
==38381==    by 0x17286EA: NXHashInsert (in /usr/lib/libobjc.A.dylib)
==38381==    by 0x173833D: realizeClass(class_t*) (in /usr/lib/libobjc.A.dylib)
==38381==    by 0x17375D0: realizeClass(class_t*) (in /usr/lib/libobjc.A.dylib)
==38381==    by 0x1729FC3: look_up_class (in /usr/lib/libobjc.A.dylib)
==38381==    by 0x4734EBB: _NSToDoAtProcessStart (in /System/Library/Frameworks/Foundation.framework/Versions/C/Foundation)
==38381==    by 0x47349C7: _NSInitializePlatform (in /System/Library/Frameworks/Foundation.framework/Versions/C/Foundation)
==38381==    by 0x1729D8F: call_load_methods (in /usr/lib/libobjc.A.dylib)
==38381==    by 0x172998E: load_images (in /usr/lib/libobjc.A.dylib)
==38381==    by 0x7FFF5FC01E01: dyld::notifySingle(dyld_image_states, ImageLoader const*) (in /usr/lib/dyld)
==38381==    by 0x7FFF5FC10056: ImageLoader::recursiveInitialization(ImageLoader::LinkContext const&, unsigned int, ImageLoader::InitializerTimingList&) (in /usr/lib/dyld)
==38381==    by 0x7FFF5FC0FFC3: ImageLoader::recursiveInitialization(ImageLoader::LinkContext const&, unsigned int, ImageLoader::InitializerTimingList&) (in /usr/lib/dyld)
==38381== 
==38381== 32 bytes in 1 blocks are possibly lost in loss record 567 of 6,179
==38381==    at 0x7A55: malloc_zone_calloc (vg_replace_malloc.c:599)
==38381==    by 0x17286EA: NXHashInsert (in /usr/lib/libobjc.A.dylib)
==38381==    by 0x173833D: realizeClass(class_t*) (in /usr/lib/libobjc.A.dylib)
==38381==    by 0x17375D0: realizeClass(class_t*) (in /usr/lib/libobjc.A.dylib)
==38381==    by 0x1729FC3: look_up_class (in /usr/lib/libobjc.A.dylib)
==38381==    by 0x4734ED1: _NSToDoAtProcessStart (in /System/Library/Frameworks/Foundation.framework/Versions/C/Foundation)
==38381==    by 0x47349C7: _NSInitializePlatform (in /System/Library/Frameworks/Foundation.framework/Versions/C/Foundation)
==38381==    by 0x1729D8F: call_load_methods (in /usr/lib/libobjc.A.dylib)
==38381==    by 0x172998E: load_images (in /usr/lib/libobjc.A.dylib)
==38381==    by 0x7FFF5FC01E01: dyld::notifySingle(dyld_image_states, ImageLoader const*) (in /usr/lib/dyld)
==38381==    by 0x7FFF5FC10056: ImageLoader::recursiveInitialization(ImageLoader::LinkContext const&, unsigned int, ImageLoader::InitializerTimingList&) (in /usr/lib/dyld)
==38381==    by 0x7FFF5FC0FFC3: ImageLoader::recursiveInitialization(ImageLoader::LinkContext const&, unsigned int, ImageLoader::InitializerTimingList&) (in /usr/lib/dyld)
==38381== 
==38381== 32 bytes in 1 blocks are possibly lost in loss record 568 of 6,179
==38381==    at 0x7A55: malloc_zone_calloc (vg_replace_malloc.c:599)
==38381==    by 0x17286EA: NXHashInsert (in /usr/lib/libobjc.A.dylib)
==38381==    by 0x1738324: realizeClass(class_t*) (in /usr/lib/libobjc.A.dylib)
==38381==    by 0x1729FC3: look_up_class (in /usr/lib/libobjc.A.dylib)
==38381==    by 0x4734ED1: _NSToDoAtProcessStart (in /System/Library/Frameworks/Foundation.framework/Versions/C/Foundation)
==38381==    by 0x47349C7: _NSInitializePlatform (in /System/Library/Frameworks/Foundation.framework/Versions/C/Foundation)
==38381==    by 0x1729D8F: call_load_methods (in /usr/lib/libobjc.A.dylib)
==38381==    by 0x172998E: load_images (in /usr/lib/libobjc.A.dylib)
==38381==    by 0x7FFF5FC01E01: dyld::notifySingle(dyld_image_states, ImageLoader const*) (in /usr/lib/dyld)
==38381==    by 0x7FFF5FC10056: ImageLoader::recursiveInitialization(ImageLoader::LinkContext const&, unsigned int, ImageLoader::InitializerTimingList&) (in /usr/lib/dyld)
==38381==    by 0x7FFF5FC0FFC3: ImageLoader::recursiveInitialization(ImageLoader::LinkContext const&, unsigned int, ImageLoader::InitializerTimingList&) (in /usr/lib/dyld)
==38381==    by 0x7FFF5FC0FFC3: ImageLoader::recursiveInitialization(ImageLoader::LinkContext const&, unsigned int, ImageLoader::InitializerTimingList&) (in /usr/lib/dyld)
==38381== 
==38381== 32 bytes in 1 blocks are possibly lost in loss record 569 of 6,179
==38381==    at 0x7A55: malloc_zone_calloc (vg_replace_malloc.c:599)
==38381==    by 0x17286EA: NXHashInsert (in /usr/lib/libobjc.A.dylib)
==38381==    by 0x1738324: realizeClass(class_t*) (in /usr/lib/libobjc.A.dylib)
==38381==    by 0x17375BC: realizeClass(class_t*) (in /usr/lib/libobjc.A.dylib)
==38381==    by 0x1729FC3: look_up_class (in /usr/lib/libobjc.A.dylib)
==38381==    by 0x4734EEA: _NSToDoAtProcessStart (in /System/Library/Frameworks/Foundation.framework/Versions/C/Foundation)
==38381==    by 0x47349C7: _NSInitializePlatform (in /System/Library/Frameworks/Foundation.framework/Versions/C/Foundation)
==38381==    by 0x1729D8F: call_load_methods (in /usr/lib/libobjc.A.dylib)
==38381==    by 0x172998E: load_images (in /usr/lib/libobjc.A.dylib)
==38381==    by 0x7FFF5FC01E01: dyld::notifySingle(dyld_image_states, ImageLoader const*) (in /usr/lib/dyld)
==38381==    by 0x7FFF5FC10056: ImageLoader::recursiveInitialization(ImageLoader::LinkContext const&, unsigned int, ImageLoader::InitializerTimingList&) (in /usr/lib/dyld)
==38381==    by 0x7FFF5FC0FFC3: ImageLoader::recursiveInitialization(ImageLoader::LinkContext const&, unsigned int, ImageLoader::InitializerTimingList&) (in /usr/lib/dyld)
==38381== 
==38381== 32 bytes in 1 blocks are possibly lost in loss record 570 of 6,179
==38381==    at 0x7A55: malloc_zone_calloc (vg_replace_malloc.c:599)
==38381==    by 0x17286EA: NXHashInsert (in /usr/lib/libobjc.A.dylib)
==38381==    by 0x1738324: realizeClass(class_t*) (in /usr/lib/libobjc.A.dylib)
==38381==    by 0x1729FC3: look_up_class (in /usr/lib/libobjc.A.dylib)
==38381==    by 0x4734EEA: _NSToDoAtProcessStart (in /System/Library/Frameworks/Foundation.framework/Versions/C/Foundation)
==38381==    by 0x47349C7: _NSInitializePlatform (in /System/Library/Frameworks/Foundation.framework/Versions/C/Foundation)
==38381==    by 0x1729D8F: call_load_methods (in /usr/lib/libobjc.A.dylib)
==38381==    by 0x172998E: load_images (in /usr/lib/libobjc.A.dylib)
==38381==    by 0x7FFF5FC01E01: dyld::notifySingle(dyld_image_states, ImageLoader const*) (in /usr/lib/dyld)
==38381==    by 0x7FFF5FC10056: ImageLoader::recursiveInitialization(ImageLoader::LinkContext const&, unsigned int, ImageLoader::InitializerTimingList&) (in /usr/lib/dyld)
==38381==    by 0x7FFF5FC0FFC3: ImageLoader::recursiveInitialization(ImageLoader::LinkContext const&, unsigned int, ImageLoader::InitializerTimingList&) (in /usr/lib/dyld)
==38381==    by 0x7FFF5FC0FFC3: ImageLoader::recursiveInitialization(ImageLoader::LinkContext const&, unsigned int, ImageLoader::InitializerTimingList&) (in /usr/lib/dyld)
==38381== 
==38381== 32 bytes in 1 blocks are possibly lost in loss record 571 of 6,179
==38381==    at 0x7A55: malloc_zone_calloc (vg_replace_malloc.c:599)
==38381==    by 0x17286EA: NXHashInsert (in /usr/lib/libobjc.A.dylib)
==38381==    by 0x1738324: realizeClass(class_t*) (in /usr/lib/libobjc.A.dylib)
==38381==    by 0x172BD24: _objc_fixupMessageRef (in /usr/lib/libobjc.A.dylib)
==38381==    by 0x172A3AF: objc_msgSend_fixup (in /usr/lib/libobjc.A.dylib)
==38381==    by 0x34BB726: +[NSBinder load] (in /System/Library/Frameworks/AppKit.framework/Versions/C/AppKit)
==38381==    by 0x1729CA9: call_load_methods (in /usr/lib/libobjc.A.dylib)
==38381==    by 0x172998E: load_images (in /usr/lib/libobjc.A.dylib)
==38381==    by 0x7FFF5FC01E01: dyld::notifySingle(dyld_image_states, ImageLoader const*) (in /usr/lib/dyld)
==38381==    by 0x7FFF5FC10056: ImageLoader::recursiveInitialization(ImageLoader::LinkContext const&, unsigned int, ImageLoader::InitializerTimingList&) (in /usr/lib/dyld)
==38381==    by 0x7FFF5FC0FFC3: ImageLoader::recursiveInitialization(ImageLoader::LinkContext const&, unsigned int, ImageLoader::InitializerTimingList&) (in /usr/lib/dyld)
==38381==    by 0x7FFF5FC0FEB9: ImageLoader::runInitializers(ImageLoader::LinkContext const&, ImageLoader::InitializerTimingList&) (in /usr/lib/dyld)
==38381== 
==38381== 40 bytes in 1 blocks are possibly lost in loss record 579 of 6,179
==38381==    at 0x7A55: malloc_zone_calloc (vg_replace_malloc.c:599)
==38381==    by 0x17286EA: NXHashInsert (in /usr/lib/libobjc.A.dylib)
==38381==    by 0x1738324: realizeClass(class_t*) (in /usr/lib/libobjc.A.dylib)
==38381==    by 0x1729FC3: look_up_class (in /usr/lib/libobjc.A.dylib)
==38381==    by 0x4734E7E: _NSToDoAtProcessStart (in /System/Library/Frameworks/Foundation.framework/Versions/C/Foundation)
==38381==    by 0x47349C7: _NSInitializePlatform (in /System/Library/Frameworks/Foundation.framework/Versions/C/Foundation)
==38381==    by 0x1729D8F: call_load_methods (in /usr/lib/libobjc.A.dylib)
==38381==    by 0x172998E: load_images (in /usr/lib/libobjc.A.dylib)
==38381==    by 0x7FFF5FC01E01: dyld::notifySingle(dyld_image_states, ImageLoader const*) (in /usr/lib/dyld)
==38381==    by 0x7FFF5FC10056: ImageLoader::recursiveInitialization(ImageLoader::LinkContext const&, unsigned int, ImageLoader::InitializerTimingList&) (in /usr/lib/dyld)
==38381==    by 0x7FFF5FC0FFC3: ImageLoader::recursiveInitialization(ImageLoader::LinkContext const&, unsigned int, ImageLoader::InitializerTimingList&) (in /usr/lib/dyld)
==38381==    by 0x7FFF5FC0FFC3: ImageLoader::recursiveInitialization(ImageLoader::LinkContext const&, unsigned int, ImageLoader::InitializerTimingList&) (in /usr/lib/dyld)
==38381== 
==38381== 48 bytes in 1 blocks are possibly lost in loss record 604 of 6,179
==38381==    at 0x7A55: malloc_zone_calloc (vg_replace_malloc.c:599)
==38381==    by 0x17286EA: NXHashInsert (in /usr/lib/libobjc.A.dylib)
==38381==    by 0x1738324: realizeClass(class_t*) (in /usr/lib/libobjc.A.dylib)
==38381==    by 0x1727E9C: _read_images (in /usr/lib/libobjc.A.dylib)
==38381==    by 0x17269EB: map_images_nolock (in /usr/lib/libobjc.A.dylib)
==38381==    by 0x17264F3: map_images (in /usr/lib/libobjc.A.dylib)
==38381==    by 0x7FFF5FC049B3: dyld::notifyBatchPartial(dyld_image_states, bool, char const* (*)(dyld_image_states, unsigned int, dyld_image_info const*)) (in /usr/lib/dyld)
==38381==    by 0x7FFF5FC0F039: ImageLoader::link(ImageLoader::LinkContext const&, bool, bool, ImageLoader::RPathChain const&) (in /usr/lib/dyld)
==38381==    by 0x7FFF5FC04CE3: dyld::link(ImageLoader*, bool, ImageLoader::RPathChain const&) (in /usr/lib/dyld)
==38381==    by 0x7FFF5FC0A819: dlopen (in /usr/lib/dyld)
==38381==    by 0x1436DD7: dlopen (in /usr/lib/system/libdyld.dylib)
==38381==    by 0x149F4: AddDLL (in /opt/local/Library/Frameworks/R.framework/Versions/3.0/Resources/lib/libR.dylib)
==38381== 
==38381== 64 bytes in 2 blocks are possibly lost in loss record 810 of 6,179
==38381==    at 0x7A55: malloc_zone_calloc (vg_replace_malloc.c:599)
==38381==    by 0x17286EA: NXHashInsert (in /usr/lib/libobjc.A.dylib)
==38381==    by 0x17287F6: _NXHashRehashToCapacity (in /usr/lib/libobjc.A.dylib)
==38381==    by 0x1728748: NXHashInsert (in /usr/lib/libobjc.A.dylib)
==38381==    by 0x173833D: realizeClass(class_t*) (in /usr/lib/libobjc.A.dylib)
==38381==    by 0x17375D0: realizeClass(class_t*) (in /usr/lib/libobjc.A.dylib)
==38381==    by 0x1729FC3: look_up_class (in /usr/lib/libobjc.A.dylib)
==38381==    by 0x172BBC9: objc_getFutureClass (in /usr/lib/libobjc.A.dylib)
==38381==    by 0x4DA0C0: _CFRuntimeBridgeClasses (in /System/Library/Frameworks/CoreFoundation.framework/Versions/A/CoreFoundation)
==38381==    by 0x4D1810: __CFInitialize (in /System/Library/Frameworks/CoreFoundation.framework/Versions/A/CoreFoundation)
==38381==    by 0x7FFF5FC13255: ImageLoaderMachO::doImageInit(ImageLoader::LinkContext const&) (in /usr/lib/dyld)
==38381==    by 0x7FFF5FC13756: ImageLoaderMachO::doInitialization(ImageLoader::LinkContext const&) (in /usr/lib/dyld)
==38381== 
==38381== 64 bytes in 2 blocks are possibly lost in loss record 811 of 6,179
==38381==    at 0x7A55: malloc_zone_calloc (vg_replace_malloc.c:599)
==38381==    by 0x17286EA: NXHashInsert (in /usr/lib/libobjc.A.dylib)
==38381==    by 0x17287F6: _NXHashRehashToCapacity (in /usr/lib/libobjc.A.dylib)
==38381==    by 0x1728748: NXHashInsert (in /usr/lib/libobjc.A.dylib)
==38381==    by 0x1738324: realizeClass(class_t*) (in /usr/lib/libobjc.A.dylib)
==38381==    by 0x17375BC: realizeClass(class_t*) (in /usr/lib/libobjc.A.dylib)
==38381==    by 0x1729FC3: look_up_class (in /usr/lib/libobjc.A.dylib)
==38381==    by 0x172BBC9: objc_getFutureClass (in /usr/lib/libobjc.A.dylib)
==38381==    by 0x4DA0C0: _CFRuntimeBridgeClasses (in /System/Library/Frameworks/CoreFoundation.framework/Versions/A/CoreFoundation)
==38381==    by 0x4D1824: __CFInitialize (in /System/Library/Frameworks/CoreFoundation.framework/Versions/A/CoreFoundation)
==38381==    by 0x7FFF5FC13255: ImageLoaderMachO::doImageInit(ImageLoader::LinkContext const&) (in /usr/lib/dyld)
==38381==    by 0x7FFF5FC13756: ImageLoaderMachO::doInitialization(ImageLoader::LinkContext const&) (in /usr/lib/dyld)
==38381== 
==38381== 72 bytes in 3 blocks are possibly lost in loss record 836 of 6,179
==38381==    at 0x7A55: malloc_zone_calloc (vg_replace_malloc.c:599)
==38381==    by 0x172866D: NXHashInsert (in /usr/lib/libobjc.A.dylib)
==38381==    by 0x17287F6: _NXHashRehashToCapacity (in /usr/lib/libobjc.A.dylib)
==38381==    by 0x1728748: NXHashInsert (in /usr/lib/libobjc.A.dylib)
==38381==    by 0x1738324: realizeClass(class_t*) (in /usr/lib/libobjc.A.dylib)
==38381==    by 0x17375BC: realizeClass(class_t*) (in /usr/lib/libobjc.A.dylib)
==38381==    by 0x1729FC3: look_up_class (in /usr/lib/libobjc.A.dylib)
==38381==    by 0x172BBC9: objc_getFutureClass (in /usr/lib/libobjc.A.dylib)
==38381==    by 0x4DA0C0: _CFRuntimeBridgeClasses (in /System/Library/Frameworks/CoreFoundation.framework/Versions/A/CoreFoundation)
==38381==    by 0x4D1824: __CFInitialize (in /System/Library/Frameworks/CoreFoundation.framework/Versions/A/CoreFoundation)
==38381==    by 0x7FFF5FC13255: ImageLoaderMachO::doImageInit(ImageLoader::LinkContext const&) (in /usr/lib/dyld)
==38381==    by 0x7FFF5FC13756: ImageLoaderMachO::doInitialization(ImageLoader::LinkContext const&) (in /usr/lib/dyld)
==38381== 
==38381== 208 bytes in 4 blocks are possibly lost in loss record 1,226 of 6,179
==38381==    at 0x7DE2: malloc_zone_realloc (vg_replace_malloc.c:668)
==38381==    by 0x17383AC: addUnattachedCategoryForClass(category_t*, class_t*, _header_info*) (in /usr/lib/libobjc.A.dylib)
==38381==    by 0x1727FC0: _read_images (in /usr/lib/libobjc.A.dylib)
==38381==    by 0x17269EB: map_images_nolock (in /usr/lib/libobjc.A.dylib)
==38381==    by 0x17264F3: map_images (in /usr/lib/libobjc.A.dylib)
==38381==    by 0x7FFF5FC049B3: dyld::notifyBatchPartial(dyld_image_states, bool, char const* (*)(dyld_image_states, unsigned int, dyld_image_info const*)) (in /usr/lib/dyld)
==38381==    by 0x7FFF5FC0F039: ImageLoader::link(ImageLoader::LinkContext const&, bool, bool, ImageLoader::RPathChain const&) (in /usr/lib/dyld)
==38381==    by 0x7FFF5FC04CE3: dyld::link(ImageLoader*, bool, ImageLoader::RPathChain const&) (in /usr/lib/dyld)
==38381==    by 0x7FFF5FC0A819: dlopen (in /usr/lib/dyld)
==38381==    by 0x1436DD7: dlopen (in /usr/lib/system/libdyld.dylib)
==38381==    by 0x149F4: AddDLL (in /opt/local/Library/Frameworks/R.framework/Versions/3.0/Resources/lib/libR.dylib)
==38381==    by 0x14C90: do_dynload (in /opt/local/Library/Frameworks/R.framework/Versions/3.0/Resources/lib/libR.dylib)
==38381== 
==38381== 240 bytes in 10 blocks are possibly lost in loss record 1,304 of 6,179
==38381==    at 0x7A55: malloc_zone_calloc (vg_replace_malloc.c:599)
==38381==    by 0x172866D: NXHashInsert (in /usr/lib/libobjc.A.dylib)
==38381==    by 0x17287F6: _NXHashRehashToCapacity (in /usr/lib/libobjc.A.dylib)
==38381==    by 0x1728748: NXHashInsert (in /usr/lib/libobjc.A.dylib)
==38381==    by 0x173833D: realizeClass(class_t*) (in /usr/lib/libobjc.A.dylib)
==38381==    by 0x17375D0: realizeClass(class_t*) (in /usr/lib/libobjc.A.dylib)
==38381==    by 0x1729FC3: look_up_class (in /usr/lib/libobjc.A.dylib)
==38381==    by 0x172BBC9: objc_getFutureClass (in /usr/lib/libobjc.A.dylib)
==38381==    by 0x4DA0C0: _CFRuntimeBridgeClasses (in /System/Library/Frameworks/CoreFoundation.framework/Versions/A/CoreFoundation)
==38381==    by 0x4D1810: __CFInitialize (in /System/Library/Frameworks/CoreFoundation.framework/Versions/A/CoreFoundation)
==38381==    by 0x7FFF5FC13255: ImageLoaderMachO::doImageInit(ImageLoader::LinkContext const&) (in /usr/lib/dyld)
==38381==    by 0x7FFF5FC13756: ImageLoaderMachO::doInitialization(ImageLoader::LinkContext const&) (in /usr/lib/dyld)
==38381== 
==38381== 264 bytes in 11 blocks are possibly lost in loss record 1,328 of 6,179
==38381==    at 0x7A55: malloc_zone_calloc (vg_replace_malloc.c:599)
==38381==    by 0x1738396: addUnattachedCategoryForClass(category_t*, class_t*, _header_info*) (in /usr/lib/libobjc.A.dylib)
==38381==    by 0x1727FC0: _read_images (in /usr/lib/libobjc.A.dylib)
==38381==    by 0x17269EB: map_images_nolock (in /usr/lib/libobjc.A.dylib)
==38381==    by 0x17264F3: map_images (in /usr/lib/libobjc.A.dylib)
==38381==    by 0x7FFF5FC049B3: dyld::notifyBatchPartial(dyld_image_states, bool, char const* (*)(dyld_image_states, unsigned int, dyld_image_info const*)) (in /usr/lib/dyld)
==38381==    by 0x7FFF5FC0F039: ImageLoader::link(ImageLoader::LinkContext const&, bool, bool, ImageLoader::RPathChain const&) (in /usr/lib/dyld)
==38381==    by 0x7FFF5FC04CE3: dyld::link(ImageLoader*, bool, ImageLoader::RPathChain const&) (in /usr/lib/dyld)
==38381==    by 0x7FFF5FC0A819: dlopen (in /usr/lib/dyld)
==38381==    by 0x1436DD7: dlopen (in /usr/lib/system/libdyld.dylib)
==38381==    by 0x149F4: AddDLL (in /opt/local/Library/Frameworks/R.framework/Versions/3.0/Resources/lib/libR.dylib)
==38381==    by 0x14C90: do_dynload (in /opt/local/Library/Frameworks/R.framework/Versions/3.0/Resources/lib/libR.dylib)
==38381== 
==38381== 552 bytes in 23 blocks are possibly lost in loss record 1,535 of 6,179
==38381==    at 0x7A55: malloc_zone_calloc (vg_replace_malloc.c:599)
==38381==    by 0x1738396: addUnattachedCategoryForClass(category_t*, class_t*, _header_info*) (in /usr/lib/libobjc.A.dylib)
==38381==    by 0x1727F45: _read_images (in /usr/lib/libobjc.A.dylib)
==38381==    by 0x17269EB: map_images_nolock (in /usr/lib/libobjc.A.dylib)
==38381==    by 0x17264F3: map_images (in /usr/lib/libobjc.A.dylib)
==38381==    by 0x7FFF5FC049B3: dyld::notifyBatchPartial(dyld_image_states, bool, char const* (*)(dyld_image_states, unsigned int, dyld_image_info const*)) (in /usr/lib/dyld)
==38381==    by 0x7FFF5FC0F039: ImageLoader::link(ImageLoader::LinkContext const&, bool, bool, ImageLoader::RPathChain const&) (in /usr/lib/dyld)
==38381==    by 0x7FFF5FC04CE3: dyld::link(ImageLoader*, bool, ImageLoader::RPathChain const&) (in /usr/lib/dyld)
==38381==    by 0x7FFF5FC0A819: dlopen (in /usr/lib/dyld)
==38381==    by 0x1436DD7: dlopen (in /usr/lib/system/libdyld.dylib)
==38381==    by 0x149F4: AddDLL (in /opt/local/Library/Frameworks/R.framework/Versions/3.0/Resources/lib/libR.dylib)
==38381==    by 0x14C90: do_dynload (in /opt/local/Library/Frameworks/R.framework/Versions/3.0/Resources/lib/libR.dylib)
==38381== 
==38381== 768 bytes in 48 blocks are possibly lost in loss record 1,599 of 6,179
==38381==    at 0x7497: malloc_zone_malloc (vg_replace_malloc.c:276)
==38381==    by 0x1728F87: _strdup_internal (in /usr/lib/libobjc.A.dylib)
==38381==    by 0x1728F39: NXMapKeyCopyingInsert (in /usr/lib/libobjc.A.dylib)
==38381==    by 0x1727D9D: _read_images (in /usr/lib/libobjc.A.dylib)
==38381==    by 0x17269EB: map_images_nolock (in /usr/lib/libobjc.A.dylib)
==38381==    by 0x17264F3: map_images (in /usr/lib/libobjc.A.dylib)
==38381==    by 0x7FFF5FC04936: dyld::notifyBatchPartial(dyld_image_states, bool, char const* (*)(dyld_image_states, unsigned int, dyld_image_info const*)) (in /usr/lib/dyld)
==38381==    by 0x7FFF5FC0467C: dyld::registerImageStateBatchChangeHandler(dyld_image_states, char const* (*)(dyld_image_states, unsigned int, dyld_image_info const*)) (in /usr/lib/dyld)
==38381==    by 0x1436ED9: dyld_register_image_state_change_handler (in /usr/lib/system/libdyld.dylib)
==38381==    by 0x172504C: _objc_init (in /usr/lib/libobjc.A.dylib)
==38381==    by 0x33DB27: libSystem_initializer (in /usr/lib/libSystem.B.dylib)
==38381==    by 0x7FFF5FC13377: ImageLoaderMachO::doModInitFunctions(ImageLoader::LinkContext const&) (in /usr/lib/dyld)
==38381== 
==38381== 800 bytes in 14 blocks are possibly lost in loss record 1,606 of 6,179
==38381==    at 0x7DE2: malloc_zone_realloc (vg_replace_malloc.c:668)
==38381==    by 0x17383AC: addUnattachedCategoryForClass(category_t*, class_t*, _header_info*) (in /usr/lib/libobjc.A.dylib)
==38381==    by 0x1727F45: _read_images (in /usr/lib/libobjc.A.dylib)
==38381==    by 0x17269EB: map_images_nolock (in /usr/lib/libobjc.A.dylib)
==38381==    by 0x17264F3: map_images (in /usr/lib/libobjc.A.dylib)
==38381==    by 0x7FFF5FC049B3: dyld::notifyBatchPartial(dyld_image_states, bool, char const* (*)(dyld_image_states, unsigned int, dyld_image_info const*)) (in /usr/lib/dyld)
==38381==    by 0x7FFF5FC0F039: ImageLoader::link(ImageLoader::LinkContext const&, bool, bool, ImageLoader::RPathChain const&) (in /usr/lib/dyld)
==38381==    by 0x7FFF5FC04CE3: dyld::link(ImageLoader*, bool, ImageLoader::RPathChain const&) (in /usr/lib/dyld)
==38381==    by 0x7FFF5FC0A819: dlopen (in /usr/lib/dyld)
==38381==    by 0x1436DD7: dlopen (in /usr/lib/system/libdyld.dylib)
==38381==    by 0x149F4: AddDLL (in /opt/local/Library/Frameworks/R.framework/Versions/3.0/Resources/lib/libR.dylib)
==38381==    by 0x14C90: do_dynload (in /opt/local/Library/Frameworks/R.framework/Versions/3.0/Resources/lib/libR.dylib)
==38381== 
==38381== 1,040 bytes in 1 blocks are possibly lost in loss record 1,635 of 6,179
==38381==    at 0x7497: malloc_zone_malloc (vg_replace_malloc.c:276)
==38381==    by 0x1728293: NXCreateMapTableFromZone (in /usr/lib/libobjc.A.dylib)
==38381==    by 0x1736ABC: futureNamedClasses() (in /usr/lib/libobjc.A.dylib)
==38381==    by 0x17277FB: _read_images (in /usr/lib/libobjc.A.dylib)
==38381==    by 0x17269EB: map_images_nolock (in /usr/lib/libobjc.A.dylib)
==38381==    by 0x17264F3: map_images (in /usr/lib/libobjc.A.dylib)
==38381==    by 0x7FFF5FC04936: dyld::notifyBatchPartial(dyld_image_states, bool, char const* (*)(dyld_image_states, unsigned int, dyld_image_info const*)) (in /usr/lib/dyld)
==38381==    by 0x7FFF5FC0467C: dyld::registerImageStateBatchChangeHandler(dyld_image_states, char const* (*)(dyld_image_states, unsigned int, dyld_image_info const*)) (in /usr/lib/dyld)
==38381==    by 0x1436ED9: dyld_register_image_state_change_handler (in /usr/lib/system/libdyld.dylib)
==38381==    by 0x172504C: _objc_init (in /usr/lib/libobjc.A.dylib)
==38381==    by 0x33DB27: libSystem_initializer (in /usr/lib/libSystem.B.dylib)
==38381==    by 0x7FFF5FC13377: ImageLoaderMachO::doModInitFunctions(ImageLoader::LinkContext const&) (in /usr/lib/dyld)
==38381== 
==38381== 1,040 bytes in 1 blocks are possibly lost in loss record 1,636 of 6,179
==38381==    at 0x7497: malloc_zone_malloc (vg_replace_malloc.c:276)
==38381==    by 0x1728293: NXCreateMapTableFromZone (in /usr/lib/libobjc.A.dylib)
==38381==    by 0x173CDC4: remappedClasses(signed char) (in /usr/lib/libobjc.A.dylib)
==38381==    by 0x1736957: remapClass(class_t*) (in /usr/lib/libobjc.A.dylib)
==38381==    by 0x17279A1: _read_images (in /usr/lib/libobjc.A.dylib)
==38381==    by 0x17269EB: map_images_nolock (in /usr/lib/libobjc.A.dylib)
==38381==    by 0x17264F3: map_images (in /usr/lib/libobjc.A.dylib)
==38381==    by 0x7FFF5FC04936: dyld::notifyBatchPartial(dyld_image_states, bool, char const* (*)(dyld_image_states, unsigned int, dyld_image_info const*)) (in /usr/lib/dyld)
==38381==    by 0x7FFF5FC0467C: dyld::registerImageStateBatchChangeHandler(dyld_image_states, char const* (*)(dyld_image_states, unsigned int, dyld_image_info const*)) (in /usr/lib/dyld)
==38381==    by 0x1436ED9: dyld_register_image_state_change_handler (in /usr/lib/system/libdyld.dylib)
==38381==    by 0x172504C: _objc_init (in /usr/lib/libobjc.A.dylib)
==38381==    by 0x33DB27: libSystem_initializer (in /usr/lib/libSystem.B.dylib)
==38381== 
==38381== 1,040 bytes in 1 blocks are possibly lost in loss record 1,637 of 6,179
==38381==    at 0x7497: malloc_zone_malloc (vg_replace_malloc.c:276)
==38381==    by 0x1728293: NXCreateMapTableFromZone (in /usr/lib/libobjc.A.dylib)
==38381==    by 0x173BD40: nonMetaClasses() (in /usr/lib/libobjc.A.dylib)
==38381==    by 0x172D537: objc_registerClassPair (in /usr/lib/libobjc.A.dylib)
==38381==    by 0x4E9A68: __CFMakeNSBlockClasses (in /System/Library/Frameworks/CoreFoundation.framework/Versions/A/CoreFoundation)
==38381==    by 0x4D198E: __CFInitialize (in /System/Library/Frameworks/CoreFoundation.framework/Versions/A/CoreFoundation)
==38381==    by 0x7FFF5FC13255: ImageLoaderMachO::doImageInit(ImageLoader::LinkContext const&) (in /usr/lib/dyld)
==38381==    by 0x7FFF5FC13756: ImageLoaderMachO::doInitialization(ImageLoader::LinkContext const&) (in /usr/lib/dyld)
==38381==    by 0x7FFF5FC1006D: ImageLoader::recursiveInitialization(ImageLoader::LinkContext const&, unsigned int, ImageLoader::InitializerTimingList&) (in /usr/lib/dyld)
==38381==    by 0x7FFF5FC0FFC3: ImageLoader::recursiveInitialization(ImageLoader::LinkContext const&, unsigned int, ImageLoader::InitializerTimingList&) (in /usr/lib/dyld)
==38381==    by 0x7FFF5FC0FFC3: ImageLoader::recursiveInitialization(ImageLoader::LinkContext const&, unsigned int, ImageLoader::InitializerTimingList&) (in /usr/lib/dyld)
==38381==    by 0x7FFF5FC0FEB9: ImageLoader::runInitializers(ImageLoader::LinkContext const&, ImageLoader::InitializerTimingList&) (in /usr/lib/dyld)
==38381== 
==38381== 2,064 bytes in 1 blocks are possibly lost in loss record 5,872 of 6,179
==38381==    at 0x7497: malloc_zone_malloc (vg_replace_malloc.c:276)
==38381==    by 0x1731C81: _NXMapRehash(_NXMapTable*) (in /usr/lib/libobjc.A.dylib)
==38381==    by 0x1728A80: NXMapInsert (in /usr/lib/libobjc.A.dylib)
==38381==    by 0x1727FC0: _read_images (in /usr/lib/libobjc.A.dylib)
==38381==    by 0x17269EB: map_images_nolock (in /usr/lib/libobjc.A.dylib)
==38381==    by 0x17264F3: map_images (in /usr/lib/libobjc.A.dylib)
==38381==    by 0x7FFF5FC049B3: dyld::notifyBatchPartial(dyld_image_states, bool, char const* (*)(dyld_image_states, unsigned int, dyld_image_info const*)) (in /usr/lib/dyld)
==38381==    by 0x7FFF5FC0F039: ImageLoader::link(ImageLoader::LinkContext const&, bool, bool, ImageLoader::RPathChain const&) (in /usr/lib/dyld)
==38381==    by 0x7FFF5FC04CE3: dyld::link(ImageLoader*, bool, ImageLoader::RPathChain const&) (in /usr/lib/dyld)
==38381==    by 0x7FFF5FC0A819: dlopen (in /usr/lib/dyld)
==38381==    by 0x1436DD7: dlopen (in /usr/lib/system/libdyld.dylib)
==38381==    by 0x149F4: AddDLL (in /opt/local/Library/Frameworks/R.framework/Versions/3.0/Resources/lib/libR.dylib)
==38381== 
==38381== 3,363 bytes in 150 blocks are possibly lost in loss record 5,894 of 6,179
==38381==    at 0x7497: malloc_zone_malloc (vg_replace_malloc.c:276)
==38381==    by 0x1728F87: _strdup_internal (in /usr/lib/libobjc.A.dylib)
==38381==    by 0x1728F39: NXMapKeyCopyingInsert (in /usr/lib/libobjc.A.dylib)
==38381==    by 0x1727D9D: _read_images (in /usr/lib/libobjc.A.dylib)
==38381==    by 0x17269EB: map_images_nolock (in /usr/lib/libobjc.A.dylib)
==38381==    by 0x17264F3: map_images (in /usr/lib/libobjc.A.dylib)
==38381==    by 0x7FFF5FC049B3: dyld::notifyBatchPartial(dyld_image_states, bool, char const* (*)(dyld_image_states, unsigned int, dyld_image_info const*)) (in /usr/lib/dyld)
==38381==    by 0x7FFF5FC0F039: ImageLoader::link(ImageLoader::LinkContext const&, bool, bool, ImageLoader::RPathChain const&) (in /usr/lib/dyld)
==38381==    by 0x7FFF5FC04CE3: dyld::link(ImageLoader*, bool, ImageLoader::RPathChain const&) (in /usr/lib/dyld)
==38381==    by 0x7FFF5FC0A819: dlopen (in /usr/lib/dyld)
==38381==    by 0x1436DD7: dlopen (in /usr/lib/system/libdyld.dylib)
==38381==    by 0x149F4: AddDLL (in /opt/local/Library/Frameworks/R.framework/Versions/3.0/Resources/lib/libR.dylib)
==38381== 
==38381== 8,208 bytes in 1 blocks are possibly lost in loss record 6,071 of 6,179
==38381==    at 0x7497: malloc_zone_malloc (vg_replace_malloc.c:276)
==38381==    by 0x1731C81: _NXMapRehash(_NXMapTable*) (in /usr/lib/libobjc.A.dylib)
==38381==    by 0x1728A80: NXMapInsert (in /usr/lib/libobjc.A.dylib)
==38381==    by 0x1728F47: NXMapKeyCopyingInsert (in /usr/lib/libobjc.A.dylib)
==38381==    by 0x1727D9D: _read_images (in /usr/lib/libobjc.A.dylib)
==38381==    by 0x17269EB: map_images_nolock (in /usr/lib/libobjc.A.dylib)
==38381==    by 0x17264F3: map_images (in /usr/lib/libobjc.A.dylib)
==38381==    by 0x7FFF5FC049B3: dyld::notifyBatchPartial(dyld_image_states, bool, char const* (*)(dyld_image_states, unsigned int, dyld_image_info const*)) (in /usr/lib/dyld)
==38381==    by 0x7FFF5FC0F039: ImageLoader::link(ImageLoader::LinkContext const&, bool, bool, ImageLoader::RPathChain const&) (in /usr/lib/dyld)
==38381==    by 0x7FFF5FC04CE3: dyld::link(ImageLoader*, bool, ImageLoader::RPathChain const&) (in /usr/lib/dyld)
==38381==    by 0x7FFF5FC0A819: dlopen (in /usr/lib/dyld)
==38381==    by 0x1436DD7: dlopen (in /usr/lib/system/libdyld.dylib)
==38381== 
==38381== 65,552 bytes in 1 blocks are possibly lost in loss record 6,158 of 6,179
==38381==    at 0x7497: malloc_zone_malloc (vg_replace_malloc.c:276)
==38381==    by 0x1731C81: _NXMapRehash(_NXMapTable*) (in /usr/lib/libobjc.A.dylib)
==38381==    by 0x1728A80: NXMapInsert (in /usr/lib/libobjc.A.dylib)
==38381==    by 0x172781F: _read_images (in /usr/lib/libobjc.A.dylib)
==38381==    by 0x17269EB: map_images_nolock (in /usr/lib/libobjc.A.dylib)
==38381==    by 0x17264F3: map_images (in /usr/lib/libobjc.A.dylib)
==38381==    by 0x7FFF5FC049B3: dyld::notifyBatchPartial(dyld_image_states, bool, char const* (*)(dyld_image_states, unsigned int, dyld_image_info const*)) (in /usr/lib/dyld)
==38381==    by 0x7FFF5FC0F039: ImageLoader::link(ImageLoader::LinkContext const&, bool, bool, ImageLoader::RPathChain const&) (in /usr/lib/dyld)
==38381==    by 0x7FFF5FC04CE3: dyld::link(ImageLoader*, bool, ImageLoader::RPathChain const&) (in /usr/lib/dyld)
==38381==    by 0x7FFF5FC0A819: dlopen (in /usr/lib/dyld)
==38381==    by 0x1436DD7: dlopen (in /usr/lib/system/libdyld.dylib)
==38381==    by 0x149F4: AddDLL (in /opt/local/Library/Frameworks/R.framework/Versions/3.0/Resources/lib/libR.dylib)
==38381== 
==38381== LEAK SUMMARY:
==38381==    definitely lost: 54 bytes in 3 blocks
==38381==    indirectly lost: 0 bytes in 0 blocks
==38381==      possibly lost: 86,627 bytes in 320 blocks
==38381==    still reachable: 26,442,059 bytes in 12,016 blocks
==38381==         suppressed: 0 bytes in 0 blocks
==38381== Reachable blocks (those to which a pointer was found) are not shown.
==38381== To see them, rerun with: --leak-check=full --show-reachable=yes
==38381== 
==38381== For counts of detected and suppressed errors, rerun with: -v
==38381== ERROR SUMMARY: 66 errors from 66 contexts (suppressed: 0 from 0)
