==28922== Memcheck, a memory error detector
==28922== Copyright (C) 2002-2012, and GNU GPL'd, by Julian Seward et al.
==28922== Using Valgrind-3.8.1 and LibVEX; rerun with -h for copyright info
==28922== Command: /usr/lib/R/bin/exec/R --vanilla
==28922== Parent PID: 28921
==28922== 
==28922== 
==28922== HEAP SUMMARY:
==28922==     in use at exit: 31,155,402 bytes in 15,506 blocks
==28922==   total heap usage: 46,989 allocs, 31,483 frees, 172,542,441 bytes allocated
==28922== 
==28922== LEAK SUMMARY:
==28922==    definitely lost: 0 bytes in 0 blocks
==28922==    indirectly lost: 0 bytes in 0 blocks
==28922==      possibly lost: 0 bytes in 0 blocks
==28922==    still reachable: 31,155,402 bytes in 15,506 blocks
==28922==         suppressed: 0 bytes in 0 blocks
==28922== Reachable blocks (those to which a pointer was found) are not shown.
==28922== To see them, rerun with: --leak-check=full --show-reachable=yes
==28922== 
==28922== For counts of detected and suppressed errors, rerun with: -v
==28922== ERROR SUMMARY: 0 errors from 0 contexts (suppressed: 2 from 2)




Wed Dec 4 16:52:58 EST 2013
