==11277== Memcheck, a memory error detector
==11277== Copyright (C) 2002-2012, and GNU GPL'd, by Julian Seward et al.
==11277== Using Valgrind-3.8.1 and LibVEX; rerun with -h for copyright info
==11277== Command: /usr/lib/R/bin/exec/R --vanilla
==11277== Parent PID: 11275
==11277== 
==11277== 
==11277== HEAP SUMMARY:
==11277==     in use at exit: 23,543,608 bytes in 10,214 blocks
==11277==   total heap usage: 28,122 allocs, 17,908 frees, 122,025,751 bytes allocated
==11277== 
==11277== LEAK SUMMARY:
==11277==    definitely lost: 0 bytes in 0 blocks
==11277==    indirectly lost: 0 bytes in 0 blocks
==11277==      possibly lost: 0 bytes in 0 blocks
==11277==    still reachable: 23,543,608 bytes in 10,214 blocks
==11277==         suppressed: 0 bytes in 0 blocks
==11277== Reachable blocks (those to which a pointer was found) are not shown.
==11277== To see them, rerun with: --leak-check=full --show-reachable=yes
==11277== 
==11277== For counts of detected and suppressed errors, rerun with: -v
==11277== ERROR SUMMARY: 0 errors from 0 contexts (suppressed: 2 from 2)




Wed Jan 8 15:21:44 EST 2014
