==14243== Memcheck, a memory error detector
==14243== Copyright (C) 2002-2013, and GNU GPL'd, by Julian Seward et al.
==14243== Using Valgrind-3.10.0.SVN and LibVEX; rerun with -h for copyright info
==14243== Command: /usr/lib/R/bin/exec/R --vanilla
==14243== Parent PID: 14241
==14243== 
==14243== 
==14243== HEAP SUMMARY:
==14243==     in use at exit: 32,343,712 bytes in 15,612 blocks
==14243==   total heap usage: 47,382 allocs, 31,770 frees, 149,960,867 bytes allocated
==14243== 
==14243== LEAK SUMMARY:
==14243==    definitely lost: 0 bytes in 0 blocks
==14243==    indirectly lost: 0 bytes in 0 blocks
==14243==      possibly lost: 0 bytes in 0 blocks
==14243==    still reachable: 32,343,712 bytes in 15,612 blocks
==14243==         suppressed: 0 bytes in 0 blocks
==14243== Reachable blocks (those to which a pointer was found) are not shown.
==14243== To see them, rerun with: --leak-check=full --show-leak-kinds=all
==14243== 
==14243== For counts of detected and suppressed errors, rerun with: -v
==14243== ERROR SUMMARY: 0 errors from 0 contexts (suppressed: 0 from 0)




Thu Sep 4 12:22:20 EDT 2014
