==11316== Memcheck, a memory error detector
==11316== Copyright (C) 2002-2012, and GNU GPL'd, by Julian Seward et al.
==11316== Using Valgrind-3.8.1 and LibVEX; rerun with -h for copyright info
==11316== Command: /usr/lib/R/bin/exec/R --vanilla
==11316== Parent PID: 11314
==11316== 
==11316== 
==11316== HEAP SUMMARY:
==11316==     in use at exit: 31,159,412 bytes in 15,508 blocks
==11316==   total heap usage: 46,808 allocs, 31,300 frees, 172,542,777 bytes allocated
==11316== 
==11316== LEAK SUMMARY:
==11316==    definitely lost: 0 bytes in 0 blocks
==11316==    indirectly lost: 0 bytes in 0 blocks
==11316==      possibly lost: 0 bytes in 0 blocks
==11316==    still reachable: 31,159,412 bytes in 15,508 blocks
==11316==         suppressed: 0 bytes in 0 blocks
==11316== Reachable blocks (those to which a pointer was found) are not shown.
==11316== To see them, rerun with: --leak-check=full --show-reachable=yes
==11316== 
==11316== For counts of detected and suppressed errors, rerun with: -v
==11316== ERROR SUMMARY: 0 errors from 0 contexts (suppressed: 2 from 2)




Wed Jan 8 15:31:52 EST 2014
